#
# There is insufficient memory for the Java Runtime Environment to continue.
# Native memory allocation (mmap) failed to map 1048576 bytes. Error detail: G1 virtual space
# Possible reasons:
#   The system is out of physical RAM or swap space
#   This process is running with CompressedOops enabled, and the Java Heap may be blocking the growth of the native heap
# Possible solutions:
#   Reduce memory load on the system
#   Increase physical memory or swap space
#   Check if swap backing store is full
#   Decrease Java heap size (-Xmx/-Xms)
#   Decrease number of Java threads
#   Decrease Java thread stack sizes (-Xss)
#   Set larger code cache with -XX:ReservedCodeCacheSize=
#   JVM is running with Unscaled Compressed Oops mode in which the Java heap is
#     placed in the first 4GB address space. The Java Heap base address is the
#     maximum limit for the native heap growth. Please use -XX:HeapBaseMinAddress
#     to set the Java Heap base and to place the Java Heap above 4GB virtual address.
# This output file may be truncated or incomplete.
#
#  Out of Memory Error (os_windows.cpp:3926), pid=1672, tid=31260
#
# JRE version: OpenJDK Runtime Environment (21.0.10) (build 21.0.10+-14961533-b1163.108)
# Java VM: OpenJDK 64-Bit Server VM (21.0.10+-14961533-b1163.108, mixed mode, tiered, compressed oops, compressed class ptrs, g1 gc, windows-amd64)
# No core dump will be written. Minidumps are not enabled by default on client versions of Windows
#

---------------  S U M M A R Y ------------

Command Line: --add-opens=java.base/java.lang=ALL-UNNAMED --add-opens=java.base/java.lang.invoke=ALL-UNNAMED --add-opens=java.base/java.util=ALL-UNNAMED --add-opens=java.prefs/java.util.prefs=ALL-UNNAMED --add-exports=jdk.compiler/com.sun.tools.javac.api=ALL-UNNAMED --add-exports=jdk.compiler/com.sun.tools.javac.util=ALL-UNNAMED --add-opens=java.base/java.util=ALL-UNNAMED --add-opens=java.prefs/java.util.prefs=ALL-UNNAMED --add-opens=java.base/java.nio.charset=ALL-UNNAMED --add-opens=java.base/java.net=ALL-UNNAMED --add-opens=java.base/java.util.concurrent=ALL-UNNAMED --add-opens=java.base/java.util.concurrent.atomic=ALL-UNNAMED --add-opens=java.xml/javax.xml.namespace=ALL-UNNAMED --add-opens=java.base/java.time=ALL-UNNAMED -Xmx2048m -Dfile.encoding=UTF-8 -Duser.country=US -Duser.language=en -Duser.variant -javaagent:C:\Users\DELL\.gradle\wrapper\dists\gradle-9.3.1-bin\23ovyewtku6u96viwx3xl3oks\gradle-9.3.1\lib\agents\gradle-instrumentation-agent-9.3.1.jar org.gradle.launcher.daemon.bootstrap.GradleDaemon 9.3.1

Host: 12th Gen Intel(R) Core(TM) i7-1265U, 12 cores, 15G,  Windows 11 , 64 bit Build 26100 (10.0.26100.8246)
Time: Sun May 10 08:04:26 2026 Nepal Standard Time elapsed time: 24.998552 seconds (0d 0h 0m 24s)

---------------  T H R E A D  ---------------

Current thread (0x000001c7132ed050):  WorkerThread "GC Thread#1"    [id=31260, stack(0x0000003e01200000,0x0000003e01300000) (1024K)]

Stack: [0x0000003e01200000,0x0000003e01300000]
Native frames: (J=compiled Java code, j=interpreted, Vv=VM code, C=native code)
V  [jvm.dll+0x6d78a9]
V  [jvm.dll+0x8665b3]
V  [jvm.dll+0x868bde]
V  [jvm.dll+0x8692c3]
V  [jvm.dll+0x280ee6]
V  [jvm.dll+0x6d4165]
V  [jvm.dll+0x6c77fa]
V  [jvm.dll+0x358f4b]
V  [jvm.dll+0x360bc6]
V  [jvm.dll+0x3b2bab]
V  [jvm.dll+0x3b3264]
V  [jvm.dll+0x3b332d]
V  [jvm.dll+0x32cdac]
V  [jvm.dll+0x32cb08]
V  [jvm.dll+0x31b6c6]
V  [jvm.dll+0x31c55a]
V  [jvm.dll+0x31ca02]
V  [jvm.dll+0x31c3bd]
V  [jvm.dll+0x35adda]
V  [jvm.dll+0x35b156]
V  [jvm.dll+0x35c29a]
V  [jvm.dll+0x35bf14]
V  [jvm.dll+0x370569]
V  [jvm.dll+0x370c2a]
V  [jvm.dll+0x370d27]
V  [jvm.dll+0x371c2b]
V  [jvm.dll+0x8944e4]
V  [jvm.dll+0x80fd28]
V  [jvm.dll+0x6d60fd]
C  [ucrtbase.dll+0x37b0]
C  [KERNEL32.DLL+0x2e8d7]
C  [ntdll.dll+0x8c3fc]


---------------  P R O C E S S  ---------------

Threads class SMR info:
_java_thread_list=0x000001c716de5a20, length=108, elements={
0x000001c76fe93e40, 0x000001c77af133d0, 0x000001c77af16b30, 0x000001c77af1f800,
0x000001c77af20db0, 0x000001c77af21810, 0x000001c77af41c90, 0x000001c77af42e90,
0x000001c77af332f0, 0x000001c77af392a0, 0x000001c71306c8e0, 0x000001c7144c7fe0,
0x000001c7143bb4e0, 0x000001c714c9d430, 0x000001c7140cefb0, 0x000001c71405af30,
0x000001c713495100, 0x000001c715445e50, 0x000001c7154436f0, 0x000001c7154457c0,
0x000001c715443d80, 0x000001c715443060, 0x000001c715444410, 0x000001c715444aa0,
0x000001c7163cc730, 0x000001c7163ccdc0, 0x000001c7163cd450, 0x000001c7163cdae0,
0x000001c7163ce170, 0x000001c7163cacf0, 0x000001c7163ce800, 0x000001c7163cc0a0,
0x000001c7163cb380, 0x000001c7163cee90, 0x000001c7163cfbb0, 0x000001c7163d0240,
0x000001c7163cf520, 0x000001c7163d08d0, 0x000001c7163d0f60, 0x000001c7163d15f0,
0x000001c716704f20, 0x000001c7167034e0, 0x000001c716703b70, 0x000001c716702130,
0x000001c716705c40, 0x000001c7167027c0, 0x000001c716704200, 0x000001c716704890,
0x000001c7167055b0, 0x000001c7167062d0, 0x000001c716702e50, 0x000001c7167083a0,
0x000001c716706960, 0x000001c716708a30, 0x000001c716707d10, 0x000001c7167090c0,
0x000001c716709750, 0x000001c716706ff0, 0x000001c716707680, 0x000001c7131ea430,
0x000001c7131e9080, 0x000001c7131eaac0, 0x000001c7131e9da0, 0x000001c7131e7640,
0x000001c7131e7cd0, 0x000001c7131e8360, 0x000001c7131e89f0, 0x000001c7131e9710,
0x000001c713e1edd0, 0x000001c713e20810, 0x000001c713e1faf0, 0x000001c713e20180,
0x000001c713e1e0b0, 0x000001c713e21530, 0x000001c713e21bc0, 0x000001c713e1e740,
0x000001c713e22250, 0x000001c713e256d0, 0x000001c713e228e0, 0x000001c713e25040,
0x000001c713e23c90, 0x000001c713e22f70, 0x000001c713e24320, 0x000001c713e23600,
0x000001c713e249b0, 0x000001c71a328010, 0x000001c71a325220, 0x000001c71a324b90,
0x000001c71a326c60, 0x000001c71a3265d0, 0x000001c71a3272f0, 0x000001c71a327980,
0x000001c71a3286a0, 0x000001c71a328d30, 0x000001c71a3258b0, 0x000001c71a3293c0,
0x000001c71a325f40, 0x000001c71a32bb20, 0x000001c71a329a50, 0x000001c71a32a0e0,
0x000001c71a32a770, 0x000001c71a32b490, 0x000001c71a32c1b0, 0x000001c71a32ae00,
0x000001c718042510, 0x000001c718041160, 0x000001c7155cc840, 0x000001c7155cea50
}

Java Threads: ( => current thread )
  0x000001c76fe93e40 JavaThread "main"                              [_thread_blocked, id=32160, stack(0x0000003e7ff00000,0x0000003e80000000) (1024K)]
  0x000001c77af133d0 JavaThread "Common-Cleaner"             daemon [_thread_blocked, id=31592, stack(0x0000003e00700000,0x0000003e00800000) (1024K)]
  0x000001c77af16b30 JavaThread "Reference Handler"          daemon [_thread_blocked, id=3140, stack(0x0000003e00800000,0x0000003e00900000) (1024K)]
  0x000001c77af1f800 JavaThread "Finalizer"                  daemon [_thread_blocked, id=18480, stack(0x0000003e00900000,0x0000003e00a00000) (1024K)]
  0x000001c77af20db0 JavaThread "Signal Dispatcher"          daemon [_thread_blocked, id=30016, stack(0x0000003e00a00000,0x0000003e00b00000) (1024K)]
  0x000001c77af21810 JavaThread "Attach Listener"            daemon [_thread_blocked, id=31864, stack(0x0000003e00b00000,0x0000003e00c00000) (1024K)]
  0x000001c77af41c90 JavaThread "Service Thread"             daemon [_thread_blocked, id=25916, stack(0x0000003e00c00000,0x0000003e00d00000) (1024K)]
  0x000001c77af42e90 JavaThread "Monitor Deflation Thread"   daemon [_thread_blocked, id=8492, stack(0x0000003e00d00000,0x0000003e00e00000) (1024K)]
  0x000001c77af332f0 JavaThread "C2 CompilerThread0"         daemon [_thread_blocked, id=28484, stack(0x0000003e00e00000,0x0000003e00f00000) (1024K)]
  0x000001c77af392a0 JavaThread "C1 CompilerThread0"         daemon [_thread_blocked, id=28996, stack(0x0000003e00f00000,0x0000003e01000000) (1024K)]
  0x000001c71306c8e0 JavaThread "Notification Thread"        daemon [_thread_blocked, id=19556, stack(0x0000003e01000000,0x0000003e01100000) (1024K)]
  0x000001c7144c7fe0 JavaThread "Daemon health stats"               [_thread_blocked, id=16592, stack(0x0000003e01700000,0x0000003e01800000) (1024K)]
  0x000001c7143bb4e0 JavaThread "Incoming local TCP Connector on port 58606"        [_thread_in_native, id=9264, stack(0x0000003e01800000,0x0000003e01900000) (1024K)]
  0x000001c714c9d430 JavaThread "Daemon periodic checks"            [_thread_blocked, id=30848, stack(0x0000003e01900000,0x0000003e01a00000) (1024K)]
  0x000001c7140cefb0 JavaThread "Daemon"                            [_thread_blocked, id=30944, stack(0x0000003e01a00000,0x0000003e01b00000) (1024K)]
  0x000001c71405af30 JavaThread "Handler for socket connection from /127.0.0.1:58606 to /127.0.0.1:54442"        [_thread_blocked, id=15668, stack(0x0000003e01b00000,0x0000003e01c00000) (1024K)]
  0x000001c713495100 JavaThread "Cancel handler"                    [_thread_blocked, id=31732, stack(0x0000003e01c00000,0x0000003e01d00000) (1024K)]
  0x000001c715445e50 JavaThread "Daemon worker"                     [_thread_blocked, id=24004, stack(0x0000003e01d00000,0x0000003e01e00000) (1024K)]
  0x000001c7154436f0 JavaThread "Asynchronous log dispatcher for DefaultDaemonConnection: socket connection from /127.0.0.1:58606 to /127.0.0.1:54442"        [_thread_blocked, id=20688, stack(0x0000003e01e00000,0x0000003e01f00000) (1024K)]
  0x000001c7154457c0 JavaThread "Stdin handler"                     [_thread_blocked, id=31700, stack(0x0000003e02500000,0x0000003e02600000) (1024K)]
  0x000001c715443d80 JavaThread "Daemon client event forwarder"        [_thread_blocked, id=30152, stack(0x0000003e02600000,0x0000003e02700000) (1024K)]
  0x000001c715443060 JavaThread "Cache worker for journal cache (C:\Users\DELL\.gradle\caches\journal-1)"        [_thread_blocked, id=6188, stack(0x0000003e01100000,0x0000003e01200000) (1024K)]
  0x000001c715444410 JavaThread "File lock request listener"        [_thread_in_native, id=30052, stack(0x0000003e02700000,0x0000003e02800000) (1024K)]
  0x000001c715444aa0 JavaThread "Cache worker for file hash cache (C:\Users\DELL\.gradle\caches\9.3.1\fileHashes)"        [_thread_blocked, id=23540, stack(0x0000003e02900000,0x0000003e02a00000) (1024K)]
  0x000001c7163cc730 JavaThread "Cache worker for file hash cache (C:\Users\DELL\Smart-City\.gradle\9.3.1\fileHashes)"        [_thread_blocked, id=32412, stack(0x0000003e02a00000,0x0000003e02b00000) (1024K)]
  0x000001c7163ccdc0 JavaThread "Cache worker for Build Output Cleanup Cache (C:\Users\DELL\Smart-City\.gradle\buildOutputCleanup)"        [_thread_blocked, id=2696, stack(0x0000003e02b00000,0x0000003e02c00000) (1024K)]
  0x000001c7163cd450 JavaThread "File watcher server"        daemon [_thread_in_native, id=15272, stack(0x0000003e02c00000,0x0000003e02d00000) (1024K)]
  0x000001c7163cdae0 JavaThread "File watcher consumer"      daemon [_thread_blocked, id=32140, stack(0x0000003e02d00000,0x0000003e02e00000) (1024K)]
  0x000001c7163ce170 JavaThread "Cache worker for checksums cache (C:\Users\DELL\Smart-City\.gradle\9.3.1\checksums)"        [_thread_blocked, id=22224, stack(0x0000003e02800000,0x0000003e02900000) (1024K)]
  0x000001c7163cacf0 JavaThread "Cache worker for file content cache (C:\Users\DELL\.gradle\caches\9.3.1\fileContent)"        [_thread_blocked, id=4204, stack(0x0000003e02e00000,0x0000003e02f00000) (1024K)]
  0x000001c7163ce800 JavaThread "Cache worker for cache directory md-supplier (C:\Users\DELL\.gradle\caches\9.3.1\md-supplier)"        [_thread_blocked, id=15300, stack(0x0000003e02f00000,0x0000003e03000000) (1024K)]
  0x000001c7163cc0a0 JavaThread "Cache worker for cache directory md-rule (C:\Users\DELL\.gradle\caches\9.3.1\md-rule)"        [_thread_blocked, id=19796, stack(0x0000003e03000000,0x0000003e03100000) (1024K)]
  0x000001c7163cb380 JavaThread "jar transforms"                    [_thread_blocked, id=30872, stack(0x0000003e03200000,0x0000003e03300000) (1024K)]
  0x000001c7163cee90 JavaThread "jar transforms Thread 2"           [_thread_blocked, id=31712, stack(0x0000003e03300000,0x0000003e03400000) (1024K)]
  0x000001c7163cfbb0 JavaThread "jar transforms Thread 3"           [_thread_blocked, id=18308, stack(0x0000003e03400000,0x0000003e03500000) (1024K)]
  0x000001c7163d0240 JavaThread "Unconstrained build operations"        [_thread_blocked, id=18668, stack(0x0000003e03600000,0x0000003e03700000) (1024K)]
  0x000001c7163cf520 JavaThread "Unconstrained build operations Thread 2"        [_thread_blocked, id=3392, stack(0x0000003e03700000,0x0000003e03800000) (1024K)]
  0x000001c7163d08d0 JavaThread "Unconstrained build operations Thread 3"        [_thread_blocked, id=31848, stack(0x0000003e03800000,0x0000003e03900000) (1024K)]
  0x000001c7163d0f60 JavaThread "Unconstrained build operations Thread 4"        [_thread_blocked, id=22828, stack(0x0000003e03900000,0x0000003e03a00000) (1024K)]
  0x000001c7163d15f0 JavaThread "Unconstrained build operations Thread 5"        [_thread_blocked, id=11316, stack(0x0000003e03a00000,0x0000003e03b00000) (1024K)]
  0x000001c716704f20 JavaThread "Unconstrained build operations Thread 6"        [_thread_blocked, id=30876, stack(0x0000003e03b00000,0x0000003e03c00000) (1024K)]
  0x000001c7167034e0 JavaThread "Unconstrained build operations Thread 7"        [_thread_blocked, id=17940, stack(0x0000003e03c00000,0x0000003e03d00000) (1024K)]
  0x000001c716703b70 JavaThread "Unconstrained build operations Thread 8"        [_thread_blocked, id=21388, stack(0x0000003e03d00000,0x0000003e03e00000) (1024K)]
  0x000001c716702130 JavaThread "Unconstrained build operations Thread 9"        [_thread_blocked, id=31632, stack(0x0000003e03e00000,0x0000003e03f00000) (1024K)]
  0x000001c716705c40 JavaThread "Unconstrained build operations Thread 10"        [_thread_blocked, id=12684, stack(0x0000003e03f00000,0x0000003e04000000) (1024K)]
  0x000001c7167027c0 JavaThread "Unconstrained build operations Thread 11"        [_thread_blocked, id=31596, stack(0x0000003e04000000,0x0000003e04100000) (1024K)]
  0x000001c716704200 JavaThread "Unconstrained build operations Thread 12"        [_thread_blocked, id=24076, stack(0x0000003e04100000,0x0000003e04200000) (1024K)]
  0x000001c716704890 JavaThread "Unconstrained build operations Thread 13"        [_thread_blocked, id=3384, stack(0x0000003e04200000,0x0000003e04300000) (1024K)]
  0x000001c7167055b0 JavaThread "Unconstrained build operations Thread 14"        [_thread_blocked, id=19668, stack(0x0000003e04300000,0x0000003e04400000) (1024K)]
  0x000001c7167062d0 JavaThread "Unconstrained build operations Thread 15"        [_thread_blocked, id=19420, stack(0x0000003e04400000,0x0000003e04500000) (1024K)]
  0x000001c716702e50 JavaThread "Unconstrained build operations Thread 16"        [_thread_blocked, id=30916, stack(0x0000003e04500000,0x0000003e04600000) (1024K)]
  0x000001c7167083a0 JavaThread "Unconstrained build operations Thread 17"        [_thread_blocked, id=26968, stack(0x0000003e04600000,0x0000003e04700000) (1024K)]
  0x000001c716706960 JavaThread "Unconstrained build operations Thread 18"        [_thread_blocked, id=28808, stack(0x0000003e04700000,0x0000003e04800000) (1024K)]
  0x000001c716708a30 JavaThread "Unconstrained build operations Thread 19"        [_thread_blocked, id=30744, stack(0x0000003e04800000,0x0000003e04900000) (1024K)]
  0x000001c716707d10 JavaThread "Unconstrained build operations Thread 20"        [_thread_blocked, id=8924, stack(0x0000003e04900000,0x0000003e04a00000) (1024K)]
  0x000001c7167090c0 JavaThread "jar transforms Thread 4"           [_thread_blocked, id=28868, stack(0x0000003e04a00000,0x0000003e04b00000) (1024K)]
  0x000001c716709750 JavaThread "jar transforms Thread 5"           [_thread_blocked, id=9748, stack(0x0000003e04b00000,0x0000003e04c00000) (1024K)]
  0x000001c716706ff0 JavaThread "Unconstrained build operations Thread 21"        [_thread_blocked, id=12852, stack(0x0000003e04c00000,0x0000003e04d00000) (1024K)]
  0x000001c716707680 JavaThread "Unconstrained build operations Thread 22"        [_thread_blocked, id=30852, stack(0x0000003e04d00000,0x0000003e04e00000) (1024K)]
  0x000001c7131ea430 JavaThread "Unconstrained build operations Thread 23"        [_thread_blocked, id=31908, stack(0x0000003e04e00000,0x0000003e04f00000) (1024K)]
  0x000001c7131e9080 JavaThread "Unconstrained build operations Thread 24"        [_thread_blocked, id=31024, stack(0x0000003e04f00000,0x0000003e05000000) (1024K)]
  0x000001c7131eaac0 JavaThread "Unconstrained build operations Thread 25"        [_thread_blocked, id=22564, stack(0x0000003e05000000,0x0000003e05100000) (1024K)]
  0x000001c7131e9da0 JavaThread "Unconstrained build operations Thread 26"        [_thread_blocked, id=13128, stack(0x0000003e05100000,0x0000003e05200000) (1024K)]
  0x000001c7131e7640 JavaThread "Unconstrained build operations Thread 27"        [_thread_blocked, id=23016, stack(0x0000003e05200000,0x0000003e05300000) (1024K)]
  0x000001c7131e7cd0 JavaThread "Unconstrained build operations Thread 28"        [_thread_blocked, id=10188, stack(0x0000003e05300000,0x0000003e05400000) (1024K)]
  0x000001c7131e8360 JavaThread "Unconstrained build operations Thread 29"        [_thread_blocked, id=6904, stack(0x0000003e05400000,0x0000003e05500000) (1024K)]
  0x000001c7131e89f0 JavaThread "Unconstrained build operations Thread 30"        [_thread_blocked, id=19876, stack(0x0000003e05500000,0x0000003e05600000) (1024K)]
  0x000001c7131e9710 JavaThread "jar transforms Thread 6"           [_thread_blocked, id=12284, stack(0x0000003e05600000,0x0000003e05700000) (1024K)]
  0x000001c713e1edd0 JavaThread "jar transforms Thread 7"           [_thread_blocked, id=28440, stack(0x0000003e05700000,0x0000003e05800000) (1024K)]
  0x000001c713e20810 JavaThread "jar transforms Thread 8"           [_thread_blocked, id=24244, stack(0x0000003e05800000,0x0000003e05900000) (1024K)]
  0x000001c713e1faf0 JavaThread "Unconstrained build operations Thread 31"        [_thread_blocked, id=21884, stack(0x0000003e03500000,0x0000003e03600000) (1024K)]
  0x000001c713e20180 JavaThread "Unconstrained build operations Thread 32"        [_thread_blocked, id=31284, stack(0x0000003e05900000,0x0000003e05a00000) (1024K)]
  0x000001c713e1e0b0 JavaThread "Unconstrained build operations Thread 33"        [_thread_blocked, id=25012, stack(0x0000003e05a00000,0x0000003e05b00000) (1024K)]
  0x000001c713e21530 JavaThread "Unconstrained build operations Thread 34"        [_thread_blocked, id=22452, stack(0x0000003e05c00000,0x0000003e05d00000) (1024K)]
  0x000001c713e21bc0 JavaThread "Unconstrained build operations Thread 35"        [_thread_blocked, id=12628, stack(0x0000003e05d00000,0x0000003e05e00000) (1024K)]
  0x000001c713e1e740 JavaThread "Unconstrained build operations Thread 36"        [_thread_blocked, id=24612, stack(0x0000003e05e00000,0x0000003e05f00000) (1024K)]
  0x000001c713e22250 JavaThread "Unconstrained build operations Thread 37"        [_thread_blocked, id=26964, stack(0x0000003e05f00000,0x0000003e06000000) (1024K)]
  0x000001c713e256d0 JavaThread "Unconstrained build operations Thread 38"        [_thread_blocked, id=13852, stack(0x0000003e06000000,0x0000003e06100000) (1024K)]
  0x000001c713e228e0 JavaThread "Unconstrained build operations Thread 39"        [_thread_blocked, id=21148, stack(0x0000003e06100000,0x0000003e06200000) (1024K)]
  0x000001c713e25040 JavaThread "Unconstrained build operations Thread 40"        [_thread_blocked, id=27140, stack(0x0000003e06200000,0x0000003e06300000) (1024K)]
  0x000001c713e23c90 JavaThread "Unconstrained build operations Thread 41"        [_thread_blocked, id=29588, stack(0x0000003e06300000,0x0000003e06400000) (1024K)]
  0x000001c713e22f70 JavaThread "Unconstrained build operations Thread 42"        [_thread_blocked, id=12776, stack(0x0000003e06400000,0x0000003e06500000) (1024K)]
  0x000001c713e24320 JavaThread "Unconstrained build operations Thread 43"        [_thread_blocked, id=30200, stack(0x0000003e06500000,0x0000003e06600000) (1024K)]
  0x000001c713e23600 JavaThread "Unconstrained build operations Thread 44"        [_thread_blocked, id=31380, stack(0x0000003e06600000,0x0000003e06700000) (1024K)]
  0x000001c713e249b0 JavaThread "Unconstrained build operations Thread 45"        [_thread_blocked, id=23200, stack(0x0000003e06700000,0x0000003e06800000) (1024K)]
  0x000001c71a328010 JavaThread "Unconstrained build operations Thread 46"        [_thread_blocked, id=30976, stack(0x0000003e06800000,0x0000003e06900000) (1024K)]
  0x000001c71a325220 JavaThread "Unconstrained build operations Thread 47"        [_thread_blocked, id=18012, stack(0x0000003e06900000,0x0000003e06a00000) (1024K)]
  0x000001c71a324b90 JavaThread "Unconstrained build operations Thread 48"        [_thread_blocked, id=25216, stack(0x0000003e06a00000,0x0000003e06b00000) (1024K)]
  0x000001c71a326c60 JavaThread "Unconstrained build operations Thread 49"        [_thread_blocked, id=18200, stack(0x0000003e06b00000,0x0000003e06c00000) (1024K)]
  0x000001c71a3265d0 JavaThread "Unconstrained build operations Thread 50"        [_thread_blocked, id=6332, stack(0x0000003e06c00000,0x0000003e06d00000) (1024K)]
  0x000001c71a3272f0 JavaThread "Unconstrained build operations Thread 51"        [_thread_blocked, id=18096, stack(0x0000003e06d00000,0x0000003e06e00000) (1024K)]
  0x000001c71a327980 JavaThread "Unconstrained build operations Thread 52"        [_thread_blocked, id=31040, stack(0x0000003e06e00000,0x0000003e06f00000) (1024K)]
  0x000001c71a3286a0 JavaThread "Unconstrained build operations Thread 53"        [_thread_blocked, id=24852, stack(0x0000003e06f00000,0x0000003e07000000) (1024K)]
  0x000001c71a328d30 JavaThread "Unconstrained build operations Thread 54"        [_thread_blocked, id=11892, stack(0x0000003e07000000,0x0000003e07100000) (1024K)]
  0x000001c71a3258b0 JavaThread "Unconstrained build operations Thread 55"        [_thread_blocked, id=16360, stack(0x0000003e07100000,0x0000003e07200000) (1024K)]
  0x000001c71a3293c0 JavaThread "Unconstrained build operations Thread 56"        [_thread_blocked, id=13052, stack(0x0000003e07200000,0x0000003e07300000) (1024K)]
  0x000001c71a325f40 JavaThread "Unconstrained build operations Thread 57"        [_thread_blocked, id=31448, stack(0x0000003e07300000,0x0000003e07400000) (1024K)]
  0x000001c71a32bb20 JavaThread "Unconstrained build operations Thread 58"        [_thread_blocked, id=28104, stack(0x0000003e07400000,0x0000003e07500000) (1024K)]
  0x000001c71a329a50 JavaThread "Unconstrained build operations Thread 59"        [_thread_blocked, id=4112, stack(0x0000003e07500000,0x0000003e07600000) (1024K)]
  0x000001c71a32a0e0 JavaThread "Unconstrained build operations Thread 60"        [_thread_blocked, id=9656, stack(0x0000003e07600000,0x0000003e07700000) (1024K)]
  0x000001c71a32a770 JavaThread "Unconstrained build operations Thread 61"        [_thread_blocked, id=31536, stack(0x0000003e07700000,0x0000003e07800000) (1024K)]
  0x000001c71a32b490 JavaThread "Unconstrained build operations Thread 62"        [_thread_blocked, id=30644, stack(0x0000003e07800000,0x0000003e07900000) (1024K)]
  0x000001c71a32c1b0 JavaThread "Unconstrained build operations Thread 63"        [_thread_blocked, id=23568, stack(0x0000003e07900000,0x0000003e07a00000) (1024K)]
  0x000001c71a32ae00 JavaThread "Unconstrained build operations Thread 64"        [_thread_blocked, id=7828, stack(0x0000003e07a00000,0x0000003e07b00000) (1024K)]
  0x000001c718042510 JavaThread "Unconstrained build operations Thread 65"        [_thread_blocked, id=25284, stack(0x0000003e07b00000,0x0000003e07c00000) (1024K)]
  0x000001c718041160 JavaThread "Unconstrained build operations Thread 66"        [_thread_blocked, id=32012, stack(0x0000003e07c00000,0x0000003e07d00000) (1024K)]
  0x000001c7155cc840 JavaThread "C2 CompilerThread1"         daemon [_thread_blocked, id=14932, stack(0x0000003e03100000,0x0000003e03200000) (1024K)]
  0x000001c7155cea50 JavaThread "C2 CompilerThread2"         daemon [_thread_blocked, id=11720, stack(0x0000003e05b00000,0x0000003e05c00000) (1024K)]
Total: 108

Other Threads:
  0x000001c77aec61e0 VMThread "VM Thread"                           [id=13060, stack(0x0000003e00600000,0x0000003e00700000) (1024K)]
  0x000001c77a864a80 WatcherThread "VM Periodic Task Thread"        [id=22708, stack(0x0000003e00500000,0x0000003e00600000) (1024K)]
  0x000001c772301fe0 WorkerThread "GC Thread#0"                     [id=22308, stack(0x0000003e00000000,0x0000003e00100000) (1024K)]
=>0x000001c7132ed050 WorkerThread "GC Thread#1"                     [id=31260, stack(0x0000003e01200000,0x0000003e01300000) (1024K)]
  0x000001c7132eb680 WorkerThread "GC Thread#2"                     [id=29984, stack(0x0000003e01300000,0x0000003e01400000) (1024K)]
  0x000001c7132ecca0 WorkerThread "GC Thread#3"                     [id=22568, stack(0x0000003e01400000,0x0000003e01500000) (1024K)]
  0x000001c7132ec540 WorkerThread "GC Thread#4"                     [id=12248, stack(0x0000003e01500000,0x0000003e01600000) (1024K)]
  0x000001c7132ebde0 WorkerThread "GC Thread#5"                     [id=31752, stack(0x0000003e01600000,0x0000003e01700000) (1024K)]
  0x000001c713f6d190 WorkerThread "GC Thread#6"                     [id=19672, stack(0x0000003e01f00000,0x0000003e02000000) (1024K)]
  0x000001c713f6d540 WorkerThread "GC Thread#7"                     [id=28712, stack(0x0000003e02000000,0x0000003e02100000) (1024K)]
  0x000001c713f6bf20 WorkerThread "GC Thread#8"                     [id=31636, stack(0x0000003e02100000,0x0000003e02200000) (1024K)]
  0x000001c713f6eb60 WorkerThread "GC Thread#9"                     [id=25812, stack(0x0000003e02200000,0x0000003e02300000) (1024K)]
  0x000001c772312ee0 ConcurrentGCThread "G1 Main Marker"            [id=6752, stack(0x0000003e00100000,0x0000003e00200000) (1024K)]
  0x000001c772313900 WorkerThread "G1 Conc#0"                       [id=31464, stack(0x0000003e00200000,0x0000003e00300000) (1024K)]
  0x000001c713f6d8f0 WorkerThread "G1 Conc#1"                       [id=32652, stack(0x0000003e02300000,0x0000003e02400000) (1024K)]
  0x000001c713f6e7b0 WorkerThread "G1 Conc#2"                       [id=29540, stack(0x0000003e02400000,0x0000003e02500000) (1024K)]
  0x000001c77236e660 ConcurrentGCThread "G1 Refine#0"               [id=22784, stack(0x0000003e00300000,0x0000003e00400000) (1024K)]
  0x000001c77a7af530 ConcurrentGCThread "G1 Service"                [id=21080, stack(0x0000003e00400000,0x0000003e00500000) (1024K)]
Total: 18

Threads with active compile tasks:
C2 CompilerThread2  25046 9334 % !   4       org.jetbrains.kotlin.cli.jvm.compiler.jarfs.FastJarHandler::<init> @ 204 (551 bytes)
Total: 1

VM state: at safepoint (normal execution)

VM Mutex/Monitor currently owned by a thread:  ([mutex/lock_event])
[0x00007ff80dbd5fd0] FreeList_lock - owner thread: 0x000001c7132ed050
[0x00007ff80dbd86d0] Threads_lock - owner thread: 0x000001c77aec61e0
[0x00007ff80dbd87d0] Heap_lock - owner thread: 0x000001c715445e50

Heap address: 0x0000000080000000, size: 2048 MB, Compressed Oops mode: 32-bit

CDS archive(s) not mapped
Compressed class space mapped at: 0x0000000100000000-0x0000000140000000, reserved size: 1073741824
Narrow klass base: 0x0000000000000000, Narrow klass shift: 3, Narrow klass range: 0x140000000

GC Precious Log:
 CardTable entry size: 512
 Card Set container configuration: InlinePtr #cards 5 size 8 Array Of Cards #cards 12 size 40 Howl #buckets 4 coarsen threshold 1843 Howl Bitmap #cards 512 size 80 coarsen threshold 460 Card regions per heap region 1 cards per card region 2048
 CPUs: 12 total, 12 available
 Memory: 16068M
 Large Page Support: Disabled
 NUMA Support: Disabled
 Compressed Oops: Enabled (32-bit)
 Heap Region Size: 1M
 Heap Min Capacity: 8M
 Heap Initial Capacity: 252M
 Heap Max Capacity: 2G
 Pre-touch: Disabled
 Parallel Workers: 10
 Concurrent Workers: 3
 Concurrent Refinement Workers: 10
 Periodic GC: Disabled

Heap:
 garbage-first heap   total 149504K, used 125179K [0x0000000080000000, 0x0000000100000000)
  region size 1024K, 74 young (75776K), 9 survivors (9216K)
 Metaspace       used 88457K, committed 90368K, reserved 1179648K
  class space    used 12777K, committed 13696K, reserved 1048576K

Heap Regions: E=young(eden), S=young(survivor), O=old, HS=humongous(starts), HC=humongous(continues), CS=collection set, F=free, TAMS=top-at-mark-start, PB=parsable bottom
|   0|0x0000000080000000, 0x0000000080100000, 0x0000000080100000|100%|HS|  |TAMS 0x0000000080000000| PB 0x0000000080000000| Complete 
|   1|0x0000000080100000, 0x0000000080200000, 0x0000000080200000|100%|HC|  |TAMS 0x0000000080100000| PB 0x0000000080100000| Complete 
|   2|0x0000000080200000, 0x0000000080300000, 0x0000000080300000|100%|HC|  |TAMS 0x0000000080200000| PB 0x0000000080200000| Complete 
|   3|0x0000000080300000, 0x0000000080400000, 0x0000000080400000|100%|HC|  |TAMS 0x0000000080300000| PB 0x0000000080300000| Complete 
|   4|0x0000000080400000, 0x0000000080500000, 0x0000000080500000|100%| O|  |TAMS 0x0000000080400000| PB 0x0000000080400000| Untracked 
|   5|0x0000000080500000, 0x00000000805fbc18, 0x0000000080600000| 98%| O|  |TAMS 0x0000000080500000| PB 0x0000000080500000| Untracked 
|   6|0x0000000080600000, 0x0000000080700000, 0x0000000080700000|100%|HS|  |TAMS 0x0000000080600000| PB 0x0000000080600000| Complete 
|   7|0x0000000080700000, 0x0000000080800000, 0x0000000080800000|100%| O|  |TAMS 0x0000000080700000| PB 0x0000000080700000| Untracked 
|   8|0x0000000080800000, 0x0000000080900000, 0x0000000080900000|100%| O|  |TAMS 0x0000000080800000| PB 0x0000000080800000| Untracked 
|   9|0x0000000080900000, 0x0000000080a00000, 0x0000000080a00000|100%| O|  |TAMS 0x0000000080900000| PB 0x0000000080900000| Untracked 
|  10|0x0000000080a00000, 0x0000000080b00000, 0x0000000080b00000|100%| O|  |TAMS 0x0000000080a00000| PB 0x0000000080a00000| Untracked 
|  11|0x0000000080b00000, 0x0000000080c00000, 0x0000000080c00000|100%| O|  |TAMS 0x0000000080b00000| PB 0x0000000080b00000| Untracked 
|  12|0x0000000080c00000, 0x0000000080d00000, 0x0000000080d00000|100%| O|  |TAMS 0x0000000080c00000| PB 0x0000000080c00000| Untracked 
|  13|0x0000000080d00000, 0x0000000080e00000, 0x0000000080e00000|100%| O|  |TAMS 0x0000000080d00000| PB 0x0000000080d00000| Untracked 
|  14|0x0000000080e00000, 0x0000000080f00000, 0x0000000080f00000|100%| O|  |TAMS 0x0000000080e00000| PB 0x0000000080e00000| Untracked 
|  15|0x0000000080f00000, 0x0000000081000000, 0x0000000081000000|100%| O|  |TAMS 0x0000000080f00000| PB 0x0000000080f00000| Untracked 
|  16|0x0000000081000000, 0x0000000081100000, 0x0000000081100000|100%| O|  |TAMS 0x0000000081000000| PB 0x0000000081000000| Untracked 
|  17|0x0000000081100000, 0x0000000081200000, 0x0000000081200000|100%| O|  |TAMS 0x0000000081100000| PB 0x0000000081100000| Untracked 
|  18|0x0000000081200000, 0x0000000081300000, 0x0000000081300000|100%| O|  |TAMS 0x0000000081200000| PB 0x0000000081200000| Untracked 
|  19|0x0000000081300000, 0x0000000081400000, 0x0000000081400000|100%| O|  |TAMS 0x0000000081300000| PB 0x0000000081300000| Untracked 
|  20|0x0000000081400000, 0x0000000081500000, 0x0000000081500000|100%| O|  |TAMS 0x0000000081400000| PB 0x0000000081400000| Untracked 
|  21|0x0000000081500000, 0x0000000081600000, 0x0000000081600000|100%| O|  |TAMS 0x0000000081500000| PB 0x0000000081500000| Untracked 
|  22|0x0000000081600000, 0x0000000081700000, 0x0000000081700000|100%| O|  |TAMS 0x0000000081600000| PB 0x0000000081600000| Untracked 
|  23|0x0000000081700000, 0x0000000081800000, 0x0000000081800000|100%| O|  |TAMS 0x0000000081700000| PB 0x0000000081700000| Untracked 
|  24|0x0000000081800000, 0x0000000081900000, 0x0000000081900000|100%| O|CS|TAMS 0x0000000081800000| PB 0x0000000081800000| Complete 
|  25|0x0000000081900000, 0x0000000081a00000, 0x0000000081a00000|100%| O|  |TAMS 0x0000000081900000| PB 0x0000000081900000| Untracked 
|  26|0x0000000081a00000, 0x0000000081b00000, 0x0000000081b00000|100%|HS|  |TAMS 0x0000000081a00000| PB 0x0000000081a00000| Complete 
|  27|0x0000000081b00000, 0x0000000081c00000, 0x0000000081c00000|100%|HC|  |TAMS 0x0000000081b00000| PB 0x0000000081b00000| Complete 
|  28|0x0000000081c00000, 0x0000000081d00000, 0x0000000081d00000|100%| O|  |TAMS 0x0000000081c00000| PB 0x0000000081c00000| Untracked 
|  29|0x0000000081d00000, 0x0000000081e00000, 0x0000000081e00000|100%| O|  |TAMS 0x0000000081d00000| PB 0x0000000081d00000| Untracked 
|  30|0x0000000081e00000, 0x0000000081f00000, 0x0000000081f00000|100%| O|  |TAMS 0x0000000081e00000| PB 0x0000000081e00000| Untracked 
|  31|0x0000000081f00000, 0x0000000082000000, 0x0000000082000000|100%| O|  |TAMS 0x0000000081f00000| PB 0x0000000081f00000| Untracked 
|  32|0x0000000082000000, 0x0000000082100000, 0x0000000082100000|100%| O|  |TAMS 0x0000000082000000| PB 0x0000000082000000| Untracked 
|  33|0x0000000082100000, 0x0000000082200000, 0x0000000082200000|100%| O|  |TAMS 0x0000000082100000| PB 0x0000000082100000| Untracked 
|  34|0x0000000082200000, 0x0000000082300000, 0x0000000082300000|100%| O|  |TAMS 0x0000000082200000| PB 0x0000000082200000| Untracked 
|  35|0x0000000082300000, 0x0000000082400000, 0x0000000082400000|100%| O|  |TAMS 0x0000000082300000| PB 0x0000000082300000| Untracked 
|  36|0x0000000082400000, 0x0000000082500000, 0x0000000082500000|100%| O|  |TAMS 0x0000000082400000| PB 0x0000000082400000| Untracked 
|  37|0x0000000082500000, 0x0000000082600000, 0x0000000082600000|100%| O|  |TAMS 0x0000000082500000| PB 0x0000000082500000| Untracked 
|  38|0x0000000082600000, 0x0000000082700000, 0x0000000082700000|100%| O|  |TAMS 0x0000000082600000| PB 0x0000000082600000| Untracked 
|  39|0x0000000082700000, 0x0000000082800000, 0x0000000082800000|100%| O|  |TAMS 0x0000000082700000| PB 0x0000000082700000| Untracked 
|  40|0x0000000082800000, 0x0000000082900000, 0x0000000082900000|100%| O|  |TAMS 0x0000000082800000| PB 0x0000000082800000| Untracked 
|  41|0x0000000082900000, 0x0000000082a00000, 0x0000000082a00000|100%| S|  |TAMS 0x0000000082900000| PB 0x0000000082900000| Complete 
|  42|0x0000000082a00000, 0x0000000082b00000, 0x0000000082b00000|100%| S|  |TAMS 0x0000000082a00000| PB 0x0000000082a00000| Complete 
|  43|0x0000000082b00000, 0x0000000082c00000, 0x0000000082c00000|100%| O|  |TAMS 0x0000000082b00000| PB 0x0000000082b00000| Untracked 
|  44|0x0000000082c00000, 0x0000000082d00000, 0x0000000082d00000|100%| O|  |TAMS 0x0000000082c00000| PB 0x0000000082c00000| Untracked 
|  45|0x0000000082d00000, 0x0000000082e00000, 0x0000000082e00000|100%| O|  |TAMS 0x0000000082d00000| PB 0x0000000082d00000| Untracked 
|  46|0x0000000082e00000, 0x0000000082f00000, 0x0000000082f00000|100%| O|  |TAMS 0x0000000082e00000| PB 0x0000000082e00000| Untracked 
|  47|0x0000000082f00000, 0x0000000083000000, 0x0000000083000000|100%| O|  |TAMS 0x0000000082f00000| PB 0x0000000082f00000| Untracked 
|  48|0x0000000083000000, 0x0000000083100000, 0x0000000083100000|100%| O|  |TAMS 0x0000000083000000| PB 0x0000000083000000| Untracked 
|  49|0x0000000083100000, 0x0000000083200000, 0x0000000083200000|100%| O|  |TAMS 0x0000000083100000| PB 0x0000000083100000| Untracked 
|  50|0x0000000083200000, 0x0000000083300000, 0x0000000083300000|100%| S|  |TAMS 0x0000000083200000| PB 0x0000000083200000| Complete 
|  51|0x0000000083300000, 0x0000000083400000, 0x0000000083400000|100%| E|CS|TAMS 0x0000000083300000| PB 0x0000000083300000| Complete 
|  52|0x0000000083400000, 0x0000000083500000, 0x0000000083500000|100%| S|  |TAMS 0x0000000083400000| PB 0x0000000083400000| Complete 
|  53|0x0000000083500000, 0x0000000083600000, 0x0000000083600000|100%| E|CS|TAMS 0x0000000083500000| PB 0x0000000083500000| Complete 
|  54|0x0000000083600000, 0x0000000083700000, 0x0000000083700000|100%| S|  |TAMS 0x0000000083600000| PB 0x0000000083600000| Complete 
|  55|0x0000000083700000, 0x0000000083800000, 0x0000000083800000|100%| E|CS|TAMS 0x0000000083700000| PB 0x0000000083700000| Complete 
|  56|0x0000000083800000, 0x0000000083900000, 0x0000000083900000|100%| E|CS|TAMS 0x0000000083800000| PB 0x0000000083800000| Complete 
|  57|0x0000000083900000, 0x0000000083a00000, 0x0000000083a00000|100%| E|CS|TAMS 0x0000000083900000| PB 0x0000000083900000| Complete 
|  58|0x0000000083a00000, 0x0000000083b00000, 0x0000000083b00000|100%| E|CS|TAMS 0x0000000083a00000| PB 0x0000000083a00000| Complete 
|  59|0x0000000083b00000, 0x0000000083c00000, 0x0000000083c00000|100%| E|CS|TAMS 0x0000000083b00000| PB 0x0000000083b00000| Complete 
|  60|0x0000000083c00000, 0x0000000083d00000, 0x0000000083d00000|100%| E|CS|TAMS 0x0000000083c00000| PB 0x0000000083c00000| Complete 
|  61|0x0000000083d00000, 0x0000000083e00000, 0x0000000083e00000|100%| E|CS|TAMS 0x0000000083d00000| PB 0x0000000083d00000| Complete 
|  62|0x0000000083e00000, 0x0000000083f00000, 0x0000000083f00000|100%| E|CS|TAMS 0x0000000083e00000| PB 0x0000000083e00000| Complete 
|  63|0x0000000083f00000, 0x0000000084000000, 0x0000000084000000|100%| E|CS|TAMS 0x0000000083f00000| PB 0x0000000083f00000| Complete 
|  64|0x0000000084000000, 0x0000000084100000, 0x0000000084100000|100%| E|CS|TAMS 0x0000000084000000| PB 0x0000000084000000| Complete 
|  65|0x0000000084100000, 0x0000000084200000, 0x0000000084200000|100%| E|CS|TAMS 0x0000000084100000| PB 0x0000000084100000| Complete 
|  66|0x0000000084200000, 0x0000000084300000, 0x0000000084300000|100%| E|CS|TAMS 0x0000000084200000| PB 0x0000000084200000| Complete 
|  67|0x0000000084300000, 0x0000000084400000, 0x0000000084400000|100%| E|CS|TAMS 0x0000000084300000| PB 0x0000000084300000| Complete 
|  68|0x0000000084400000, 0x0000000084500000, 0x0000000084500000|100%| E|CS|TAMS 0x0000000084400000| PB 0x0000000084400000| Complete 
|  69|0x0000000084500000, 0x0000000084600000, 0x0000000084600000|100%| E|CS|TAMS 0x0000000084500000| PB 0x0000000084500000| Complete 
|  70|0x0000000084600000, 0x0000000084700000, 0x0000000084700000|100%| E|CS|TAMS 0x0000000084600000| PB 0x0000000084600000| Complete 
|  71|0x0000000084700000, 0x0000000084800000, 0x0000000084800000|100%| E|CS|TAMS 0x0000000084700000| PB 0x0000000084700000| Complete 
|  72|0x0000000084800000, 0x0000000084900000, 0x0000000084900000|100%| E|CS|TAMS 0x0000000084800000| PB 0x0000000084800000| Complete 
|  73|0x0000000084900000, 0x0000000084a00000, 0x0000000084a00000|100%| E|CS|TAMS 0x0000000084900000| PB 0x0000000084900000| Complete 
|  74|0x0000000084a00000, 0x0000000084b00000, 0x0000000084b00000|100%| E|CS|TAMS 0x0000000084a00000| PB 0x0000000084a00000| Complete 
|  75|0x0000000084b00000, 0x0000000084c00000, 0x0000000084c00000|100%| E|CS|TAMS 0x0000000084b00000| PB 0x0000000084b00000| Complete 
|  76|0x0000000084c00000, 0x0000000084d00000, 0x0000000084d00000|100%| E|CS|TAMS 0x0000000084c00000| PB 0x0000000084c00000| Complete 
|  77|0x0000000084d00000, 0x0000000084e00000, 0x0000000084e00000|100%| E|CS|TAMS 0x0000000084d00000| PB 0x0000000084d00000| Complete 
|  78|0x0000000084e00000, 0x0000000084f00000, 0x0000000084f00000|100%| E|CS|TAMS 0x0000000084e00000| PB 0x0000000084e00000| Complete 
|  79|0x0000000084f00000, 0x0000000085000000, 0x0000000085000000|100%| E|CS|TAMS 0x0000000084f00000| PB 0x0000000084f00000| Complete 
|  80|0x0000000085000000, 0x0000000085100000, 0x0000000085100000|100%| E|CS|TAMS 0x0000000085000000| PB 0x0000000085000000| Complete 
|  81|0x0000000085100000, 0x0000000085200000, 0x0000000085200000|100%| E|CS|TAMS 0x0000000085100000| PB 0x0000000085100000| Complete 
|  82|0x0000000085200000, 0x0000000085300000, 0x0000000085300000|100%| E|CS|TAMS 0x0000000085200000| PB 0x0000000085200000| Complete 
|  83|0x0000000085300000, 0x0000000085400000, 0x0000000085400000|100%| E|CS|TAMS 0x0000000085300000| PB 0x0000000085300000| Complete 
|  84|0x0000000085400000, 0x0000000085500000, 0x0000000085500000|100%| E|CS|TAMS 0x0000000085400000| PB 0x0000000085400000| Complete 
|  85|0x0000000085500000, 0x0000000085600000, 0x0000000085600000|100%| E|CS|TAMS 0x0000000085500000| PB 0x0000000085500000| Complete 
|  86|0x0000000085600000, 0x0000000085700000, 0x0000000085700000|100%| E|CS|TAMS 0x0000000085600000| PB 0x0000000085600000| Complete 
|  87|0x0000000085700000, 0x0000000085800000, 0x0000000085800000|100%| E|CS|TAMS 0x0000000085700000| PB 0x0000000085700000| Complete 
|  88|0x0000000085800000, 0x0000000085900000, 0x0000000085900000|100%| E|CS|TAMS 0x0000000085800000| PB 0x0000000085800000| Complete 
|  89|0x0000000085900000, 0x0000000085a00000, 0x0000000085a00000|100%| E|CS|TAMS 0x0000000085900000| PB 0x0000000085900000| Complete 
|  90|0x0000000085a00000, 0x0000000085b00000, 0x0000000085b00000|100%| E|CS|TAMS 0x0000000085a00000| PB 0x0000000085a00000| Complete 
|  91|0x0000000085b00000, 0x0000000085c00000, 0x0000000085c00000|100%| E|CS|TAMS 0x0000000085b00000| PB 0x0000000085b00000| Complete 
|  92|0x0000000085c00000, 0x0000000085d00000, 0x0000000085d00000|100%| E|CS|TAMS 0x0000000085c00000| PB 0x0000000085c00000| Complete 
|  93|0x0000000085d00000, 0x0000000085e00000, 0x0000000085e00000|100%| E|CS|TAMS 0x0000000085d00000| PB 0x0000000085d00000| Complete 
|  94|0x0000000085e00000, 0x0000000085f00000, 0x0000000085f00000|100%| E|CS|TAMS 0x0000000085e00000| PB 0x0000000085e00000| Complete 
|  95|0x0000000085f00000, 0x0000000086000000, 0x0000000086000000|100%| E|CS|TAMS 0x0000000085f00000| PB 0x0000000085f00000| Complete 
|  96|0x0000000086000000, 0x0000000086100000, 0x0000000086100000|100%| E|CS|TAMS 0x0000000086000000| PB 0x0000000086000000| Complete 
|  97|0x0000000086100000, 0x0000000086200000, 0x0000000086200000|100%| E|CS|TAMS 0x0000000086100000| PB 0x0000000086100000| Complete 
|  98|0x0000000086200000, 0x0000000086300000, 0x0000000086300000|100%| E|CS|TAMS 0x0000000086200000| PB 0x0000000086200000| Complete 
|  99|0x0000000086300000, 0x0000000086400000, 0x0000000086400000|100%| E|CS|TAMS 0x0000000086300000| PB 0x0000000086300000| Complete 
| 100|0x0000000086400000, 0x0000000086500000, 0x0000000086500000|100%| E|CS|TAMS 0x0000000086400000| PB 0x0000000086400000| Complete 
| 101|0x0000000086500000, 0x0000000086600000, 0x0000000086600000|100%| E|CS|TAMS 0x0000000086500000| PB 0x0000000086500000| Complete 
| 102|0x0000000086600000, 0x0000000086700000, 0x0000000086700000|100%| E|CS|TAMS 0x0000000086600000| PB 0x0000000086600000| Complete 
| 103|0x0000000086700000, 0x0000000086800000, 0x0000000086800000|100%| E|CS|TAMS 0x0000000086700000| PB 0x0000000086700000| Complete 
| 104|0x0000000086800000, 0x0000000086900000, 0x0000000086900000|100%| E|CS|TAMS 0x0000000086800000| PB 0x0000000086800000| Complete 
| 105|0x0000000086900000, 0x0000000086a00000, 0x0000000086a00000|100%| E|CS|TAMS 0x0000000086900000| PB 0x0000000086900000| Complete 
| 106|0x0000000086a00000, 0x0000000086b00000, 0x0000000086b00000|100%| E|CS|TAMS 0x0000000086a00000| PB 0x0000000086a00000| Complete 
| 107|0x0000000086b00000, 0x0000000086c00000, 0x0000000086c00000|100%| E|CS|TAMS 0x0000000086b00000| PB 0x0000000086b00000| Complete 
| 108|0x0000000086c00000, 0x0000000086d00000, 0x0000000086d00000|100%| E|CS|TAMS 0x0000000086c00000| PB 0x0000000086c00000| Complete 
| 109|0x0000000086d00000, 0x0000000086e00000, 0x0000000086e00000|100%| E|CS|TAMS 0x0000000086d00000| PB 0x0000000086d00000| Complete 
| 110|0x0000000086e00000, 0x0000000086f00000, 0x0000000086f00000|100%| E|CS|TAMS 0x0000000086e00000| PB 0x0000000086e00000| Complete 
| 111|0x0000000086f00000, 0x0000000087000000, 0x0000000087000000|100%| E|CS|TAMS 0x0000000086f00000| PB 0x0000000086f00000| Complete 
| 112|0x0000000087000000, 0x0000000087100000, 0x0000000087100000|100%| E|CS|TAMS 0x0000000087000000| PB 0x0000000087000000| Complete 
| 113|0x0000000087100000, 0x0000000087200000, 0x0000000087200000|100%| E|CS|TAMS 0x0000000087100000| PB 0x0000000087100000| Complete 
| 114|0x0000000087200000, 0x0000000087300000, 0x0000000087300000|100%| E|CS|TAMS 0x0000000087200000| PB 0x0000000087200000| Complete 
| 115|0x0000000087300000, 0x0000000087400000, 0x0000000087400000|100%| E|CS|TAMS 0x0000000087300000| PB 0x0000000087300000| Complete 
| 116|0x0000000087400000, 0x0000000087500000, 0x0000000087500000|100%| E|CS|TAMS 0x0000000087400000| PB 0x0000000087400000| Complete 
| 117|0x0000000087500000, 0x0000000087600000, 0x0000000087600000|100%| E|CS|TAMS 0x0000000087500000| PB 0x0000000087500000| Complete 
| 118|0x0000000087600000, 0x0000000087700000, 0x0000000087700000|100%| E|CS|TAMS 0x0000000087600000| PB 0x0000000087600000| Complete 
| 119|0x0000000087700000, 0x0000000087800000, 0x0000000087800000|100%| E|CS|TAMS 0x0000000087700000| PB 0x0000000087700000| Complete 
| 120|0x0000000087800000, 0x0000000087900000, 0x0000000087900000|100%| E|CS|TAMS 0x0000000087800000| PB 0x0000000087800000| Complete 
| 121|0x0000000087900000, 0x0000000087a00000, 0x0000000087a00000|100%| E|CS|TAMS 0x0000000087900000| PB 0x0000000087900000| Complete 
| 122|0x0000000087a00000, 0x0000000087b00000, 0x0000000087b00000|100%| E|CS|TAMS 0x0000000087a00000| PB 0x0000000087a00000| Complete 
| 123|0x0000000087b00000, 0x0000000087c00000, 0x0000000087c00000|100%| S|  |TAMS 0x0000000087b00000| PB 0x0000000087b00000| Complete 
| 124|0x0000000087c00000, 0x0000000087d00000, 0x0000000087d00000|100%| S|  |TAMS 0x0000000087c00000| PB 0x0000000087c00000| Complete 
| 125|0x0000000087d00000, 0x0000000087e00000, 0x0000000087e00000|100%| S|  |TAMS 0x0000000087d00000| PB 0x0000000087d00000| Complete 
| 126|0x0000000087e00000, 0x0000000087f00000, 0x0000000087f00000|100%| S|  |TAMS 0x0000000087e00000| PB 0x0000000087e00000| Complete 
| 251|0x000000008fb00000, 0x000000008fc00000, 0x000000008fc00000|100%| E|CS|TAMS 0x000000008fb00000| PB 0x000000008fb00000| Complete 
|2030|0x00000000fee00000, 0x00000000fef00000, 0x00000000fef00000|100%| O|  |TAMS 0x00000000fee00000| PB 0x00000000fee00000| Untracked 
|2031|0x00000000fef00000, 0x00000000ff000000, 0x00000000ff000000|100%| O|  |TAMS 0x00000000fef00000| PB 0x00000000fef00000| Untracked 
|2032|0x00000000ff000000, 0x00000000ff100000, 0x00000000ff100000|100%| O|  |TAMS 0x00000000ff000000| PB 0x00000000ff000000| Untracked 
|2033|0x00000000ff100000, 0x00000000ff200000, 0x00000000ff200000|100%| O|  |TAMS 0x00000000ff100000| PB 0x00000000ff100000| Untracked 
|2034|0x00000000ff200000, 0x00000000ff300000, 0x00000000ff300000|100%| O|  |TAMS 0x00000000ff200000| PB 0x00000000ff200000| Untracked 
|2035|0x00000000ff300000, 0x00000000ff400000, 0x00000000ff400000|100%| O|  |TAMS 0x00000000ff300000| PB 0x00000000ff300000| Untracked 
|2036|0x00000000ff400000, 0x00000000ff500000, 0x00000000ff500000|100%| O|  |TAMS 0x00000000ff400000| PB 0x00000000ff400000| Untracked 
|2037|0x00000000ff500000, 0x00000000ff600000, 0x00000000ff600000|100%| O|  |TAMS 0x00000000ff500000| PB 0x00000000ff500000| Untracked 
|2038|0x00000000ff600000, 0x00000000ff700000, 0x00000000ff700000|100%| O|  |TAMS 0x00000000ff600000| PB 0x00000000ff600000| Untracked 
|2039|0x00000000ff700000, 0x00000000ff800000, 0x00000000ff800000|100%| O|  |TAMS 0x00000000ff700000| PB 0x00000000ff700000| Untracked 
|2040|0x00000000ff800000, 0x00000000ff900000, 0x00000000ff900000|100%| O|  |TAMS 0x00000000ff800000| PB 0x00000000ff800000| Untracked 
|2041|0x00000000ff900000, 0x00000000ffa00000, 0x00000000ffa00000|100%| O|  |TAMS 0x00000000ff900000| PB 0x00000000ff900000| Untracked 
|2042|0x00000000ffa00000, 0x00000000ffb00000, 0x00000000ffb00000|100%| O|  |TAMS 0x00000000ffa00000| PB 0x00000000ffa00000| Untracked 
|2043|0x00000000ffb00000, 0x00000000ffc00000, 0x00000000ffc00000|100%| O|  |TAMS 0x00000000ffb00000| PB 0x00000000ffb00000| Untracked 
|2044|0x00000000ffc00000, 0x00000000ffd00000, 0x00000000ffd00000|100%| O|  |TAMS 0x00000000ffc00000| PB 0x00000000ffc00000| Untracked 
|2045|0x00000000ffd00000, 0x00000000ffe00000, 0x00000000ffe00000|100%| O|  |TAMS 0x00000000ffd00000| PB 0x00000000ffd00000| Untracked 
|2046|0x00000000ffe00000, 0x00000000fff00000, 0x00000000fff00000|100%| O|  |TAMS 0x00000000ffe00000| PB 0x00000000ffe00000| Untracked 
|2047|0x00000000fff00000, 0x0000000100000000, 0x0000000100000000|100%| O|  |TAMS 0x00000000fff00000| PB 0x00000000fff00000| Untracked 

Card table byte_map: [0x000001c775d60000,0x000001c776160000] _byte_map_base: 0x000001c775960000

Marking Bits: (CMBitMap*) 0x000001c772302600
 Bits: [0x000001c776160000, 0x000001c778160000)

Polling page: 0x000001c7700e0000

Metaspace:

Usage:
  Non-class:     73.91 MB used.
      Class:     12.48 MB used.
       Both:     86.38 MB used.

Virtual space:
  Non-class space:      128.00 MB reserved,      74.88 MB ( 58%) committed,  2 nodes.
      Class space:        1.00 GB reserved,      13.38 MB (  1%) committed,  1 nodes.
             Both:        1.12 GB reserved,      88.25 MB (  8%) committed. 

Chunk freelists:
   Non-Class:  4.52 MB
       Class:  2.66 MB
        Both:  7.18 MB

MaxMetaspaceSize: unlimited
CompressedClassSpaceSize: 1.00 GB
Initial GC threshold: 21.00 MB
Current GC threshold: 124.06 MB
CDS: off
 - commit_granule_bytes: 65536.
 - commit_granule_words: 8192.
 - virtual_space_node_default_size: 8388608.
 - enlarge_chunks_in_place: 1.
 - use_allocation_guard: 0.


Internal statistics:

num_allocs_failed_limit: 9.
num_arena_births: 3702.
num_arena_deaths: 0.
num_vsnodes_births: 3.
num_vsnodes_deaths: 0.
num_space_committed: 1412.
num_space_uncommitted: 0.
num_chunks_returned_to_freelist: 9.
num_chunks_taken_from_freelist: 7392.
num_chunk_merges: 6.
num_chunk_splits: 4888.
num_chunks_enlarged: 3124.
num_inconsistent_stats: 0.

CodeHeap 'non-profiled nmethods': size=120000Kb used=4595Kb max_used=4693Kb free=115405Kb
 bounds [0x000001c707ad0000, 0x000001c707f70000, 0x000001c70f000000]
CodeHeap 'profiled nmethods': size=120000Kb used=14353Kb max_used=14444Kb free=105646Kb
 bounds [0x000001c700000000, 0x000001c700e30000, 0x000001c707530000]
CodeHeap 'non-nmethods': size=5760Kb used=1943Kb max_used=1981Kb free=3817Kb
 bounds [0x000001c707530000, 0x000001c7077a0000, 0x000001c707ad0000]
CodeCache: size=245760Kb, used=20891Kb, max_used=21118Kb, free=224868Kb
 total_blobs=8654, nmethods=7822, adapters=736, full_count=0
Compilation: enabled, stopped_count=0, restarted_count=0

Compilation events (20 events):
Event: 22.939 Thread 0x000001c77af332f0 nmethod 9325 0x000001c707c20310 code [0x000001c707c204a0, 0x000001c707c205b0]
Event: 22.939 Thread 0x000001c77af332f0 9333       4       org.jetbrains.kotlin.com.intellij.openapi.vfs.VirtualFile::<init> (22 bytes)
Event: 22.940 Thread 0x000001c77af332f0 nmethod 9333 0x000001c707cc1590 code [0x000001c707cc1720, 0x000001c707cc1918]
Event: 22.940 Thread 0x000001c77af332f0 9327       4       kotlin.jvm.internal.Intrinsics::checkNotNull (8 bytes)
Event: 22.940 Thread 0x000001c77af332f0 nmethod 9327 0x000001c707cc1290 code [0x000001c707cc1420, 0x000001c707cc14a0]
Event: 22.940 Thread 0x000001c77af332f0 9328       4       org.jetbrains.kotlin.cli.jvm.compiler.jarfs.LargeDynamicMappedBuffer$Mapping::<init> (21 bytes)
Event: 22.942 Thread 0x000001c77af332f0 nmethod 9328 0x000001c707cc0e90 code [0x000001c707cc1020, 0x000001c707cc11a8]
Event: 22.942 Thread 0x000001c77af332f0 9322       4       java.util.HashMap$ValueIterator::next (8 bytes)
Event: 22.947 Thread 0x000001c77af332f0 nmethod 9322 0x000001c707cc0710 code [0x000001c707cc08c0, 0x000001c707cc0cf0]
Event: 22.947 Thread 0x000001c77af332f0 9329       4       org.jetbrains.kotlin.cli.jvm.compiler.jarfs.LargeDynamicMappedBuffer$Mapping::getInt (14 bytes)
Event: 22.949 Thread 0x000001c77af332f0 nmethod 9329 0x000001c707cc0210 code [0x000001c707cc03a0, 0x000001c707cc04f0]
Event: 22.949 Thread 0x000001c77af332f0 9330       4       org.jetbrains.kotlin.cli.jvm.compiler.jarfs.ZipImplementationKt::getUnsignedShort (9 bytes)
Event: 22.952 Thread 0x000001c77af332f0 nmethod 9330 0x000001c707cbfd10 code [0x000001c707cbfea0, 0x000001c707cbffe8]
Event: 22.954 Thread 0x000001c7155cea50 nmethod 9331 0x000001c707cbcd10 code [0x000001c707cbcfa0, 0x000001c707cbe7a8]
Event: 22.954 Thread 0x000001c7155cea50 9334 % !   4       org.jetbrains.kotlin.cli.jvm.compiler.jarfs.FastJarHandler::<init> @ 204 (551 bytes)
Event: 22.955 Thread 0x000001c7155cc840 nmethod 9315 0x000001c707d8d810 code [0x000001c707d8dbe0, 0x000001c707d909b8]
Event: 22.956 Thread 0x000001c7155cc840 9335  s    4       org.jetbrains.kotlin.cli.jvm.compiler.jarfs.LargeDynamicMappedBuffer::withMappedRange (350 bytes)
Event: 22.962 Thread 0x000001c77af392a0 9336  s    3       jdk.internal.ref.Cleaner::add (26 bytes)
Event: 22.962 Thread 0x000001c77af392a0 nmethod 9336 0x000001c70054c810 code [0x000001c70054c9c0, 0x000001c70054cce8]
Event: 22.964 Thread 0x000001c7155cc840 nmethod 9335 0x000001c707d8c190 code [0x000001c707d8c3e0, 0x000001c707d8cfe0]

GC Heap History (20 events):
Event: 18.799 GC heap after
{Heap after GC invocations=18 (full 0):
 garbage-first heap   total 107520K, used 50562K [0x0000000080000000, 0x0000000100000000)
  region size 1024K, 7 young (7168K), 7 survivors (7168K)
 Metaspace       used 71150K, committed 73024K, reserved 1114112K
  class space    used 10185K, committed 11072K, reserved 1048576K
}
Event: 19.014 GC heap before
{Heap before GC invocations=18 (full 0):
 garbage-first heap   total 107520K, used 97666K [0x0000000080000000, 0x0000000100000000)
  region size 1024K, 53 young (54272K), 7 survivors (7168K)
 Metaspace       used 71328K, committed 73216K, reserved 1114112K
  class space    used 10185K, committed 11072K, reserved 1048576K
}
Event: 19.022 GC heap after
{Heap after GC invocations=19 (full 0):
 garbage-first heap   total 107520K, used 51752K [0x0000000080000000, 0x0000000100000000)
  region size 1024K, 2 young (2048K), 2 survivors (2048K)
 Metaspace       used 71328K, committed 73216K, reserved 1114112K
  class space    used 10185K, committed 11072K, reserved 1048576K
}
Event: 19.164 GC heap before
{Heap before GC invocations=19 (full 0):
 garbage-first heap   total 107520K, used 97832K [0x0000000080000000, 0x0000000100000000)
  region size 1024K, 48 young (49152K), 2 survivors (2048K)
 Metaspace       used 71416K, committed 73280K, reserved 1114112K
  class space    used 10186K, committed 11072K, reserved 1048576K
}
Event: 19.168 GC heap after
{Heap after GC invocations=20 (full 0):
 garbage-first heap   total 107520K, used 52160K [0x0000000080000000, 0x0000000100000000)
  region size 1024K, 2 young (2048K), 2 survivors (2048K)
 Metaspace       used 71416K, committed 73280K, reserved 1114112K
  class space    used 10186K, committed 11072K, reserved 1048576K
}
Event: 19.357 GC heap before
{Heap before GC invocations=21 (full 0):
 garbage-first heap   total 107520K, used 99264K [0x0000000080000000, 0x0000000100000000)
  region size 1024K, 49 young (50176K), 2 survivors (2048K)
 Metaspace       used 71521K, committed 73408K, reserved 1114112K
  class space    used 10186K, committed 11072K, reserved 1048576K
}
Event: 19.361 GC heap after
{Heap after GC invocations=22 (full 0):
 garbage-first heap   total 107520K, used 52779K [0x0000000080000000, 0x0000000100000000)
  region size 1024K, 3 young (3072K), 3 survivors (3072K)
 Metaspace       used 71521K, committed 73408K, reserved 1114112K
  class space    used 10186K, committed 11072K, reserved 1048576K
}
Event: 19.486 GC heap before
{Heap before GC invocations=22 (full 0):
 garbage-first heap   total 107520K, used 100907K [0x0000000080000000, 0x0000000100000000)
  region size 1024K, 50 young (51200K), 3 survivors (3072K)
 Metaspace       used 71525K, committed 73408K, reserved 1114112K
  class space    used 10186K, committed 11072K, reserved 1048576K
}
Event: 19.490 GC heap after
{Heap after GC invocations=23 (full 0):
 garbage-first heap   total 107520K, used 53092K [0x0000000080000000, 0x0000000100000000)
  region size 1024K, 4 young (4096K), 4 survivors (4096K)
 Metaspace       used 71525K, committed 73408K, reserved 1114112K
  class space    used 10186K, committed 11072K, reserved 1048576K
}
Event: 19.587 GC heap before
{Heap before GC invocations=23 (full 0):
 garbage-first heap   total 107520K, used 99172K [0x0000000080000000, 0x0000000100000000)
  region size 1024K, 50 young (51200K), 4 survivors (4096K)
 Metaspace       used 71587K, committed 73472K, reserved 1114112K
  class space    used 10186K, committed 11072K, reserved 1048576K
}
Event: 19.592 GC heap after
{Heap after GC invocations=24 (full 0):
 garbage-first heap   total 130048K, used 53391K [0x0000000080000000, 0x0000000100000000)
  region size 1024K, 4 young (4096K), 4 survivors (4096K)
 Metaspace       used 71587K, committed 73472K, reserved 1114112K
  class space    used 10186K, committed 11072K, reserved 1048576K
}
Event: 19.775 GC heap before
{Heap before GC invocations=25 (full 0):
 garbage-first heap   total 130048K, used 120975K [0x0000000080000000, 0x0000000100000000)
  region size 1024K, 71 young (72704K), 4 survivors (4096K)
 Metaspace       used 71591K, committed 73472K, reserved 1114112K
  class space    used 10186K, committed 11072K, reserved 1048576K
}
Event: 19.779 GC heap after
{Heap after GC invocations=26 (full 0):
 garbage-first heap   total 130048K, used 54117K [0x0000000080000000, 0x0000000100000000)
  region size 1024K, 5 young (5120K), 5 survivors (5120K)
 Metaspace       used 71591K, committed 73472K, reserved 1114112K
  class space    used 10186K, committed 11072K, reserved 1048576K
}
Event: 19.903 GC heap before
{Heap before GC invocations=26 (full 0):
 garbage-first heap   total 130048K, used 120677K [0x0000000080000000, 0x0000000100000000)
  region size 1024K, 71 young (72704K), 5 survivors (5120K)
 Metaspace       used 71598K, committed 73472K, reserved 1114112K
  class space    used 10186K, committed 11072K, reserved 1048576K
}
Event: 19.908 GC heap after
{Heap after GC invocations=27 (full 0):
 garbage-first heap   total 130048K, used 54569K [0x0000000080000000, 0x0000000100000000)
  region size 1024K, 5 young (5120K), 5 survivors (5120K)
 Metaspace       used 71598K, committed 73472K, reserved 1114112K
  class space    used 10186K, committed 11072K, reserved 1048576K
}
Event: 20.754 GC heap before
{Heap before GC invocations=27 (full 0):
 garbage-first heap   total 130048K, used 121129K [0x0000000080000000, 0x0000000100000000)
  region size 1024K, 71 young (72704K), 5 survivors (5120K)
 Metaspace       used 74125K, committed 75968K, reserved 1114112K
  class space    used 10619K, committed 11520K, reserved 1048576K
}
Event: 20.766 GC heap after
{Heap after GC invocations=28 (full 0):
 garbage-first heap   total 131072K, used 57180K [0x0000000080000000, 0x0000000100000000)
  region size 1024K, 8 young (8192K), 8 survivors (8192K)
 Metaspace       used 74125K, committed 75968K, reserved 1114112K
  class space    used 10619K, committed 11520K, reserved 1048576K
}
Event: 22.354 GC heap before
{Heap before GC invocations=29 (full 0):
 garbage-first heap   total 131072K, used 121692K [0x0000000080000000, 0x0000000100000000)
  region size 1024K, 72 young (73728K), 8 survivors (8192K)
 Metaspace       used 84546K, committed 86400K, reserved 1179648K
  class space    used 12302K, committed 13184K, reserved 1048576K
}
Event: 22.370 GC heap after
{Heap after GC invocations=30 (full 0):
 garbage-first heap   total 133120K, used 58619K [0x0000000080000000, 0x0000000100000000)
  region size 1024K, 6 young (6144K), 6 survivors (6144K)
 Metaspace       used 84546K, committed 86400K, reserved 1179648K
  class space    used 12302K, committed 13184K, reserved 1048576K
}
Event: 22.964 GC heap before
{Heap before GC invocations=30 (full 0):
 garbage-first heap   total 133120K, used 125179K [0x0000000080000000, 0x0000000100000000)
  region size 1024K, 71 young (72704K), 6 survivors (6144K)
 Metaspace       used 88457K, committed 90368K, reserved 1179648K
  class space    used 12777K, committed 13696K, reserved 1048576K
}

Dll operation events (3 events):
Event: 0.016 Loaded shared library C:\Program Files\Android\Android Studio\jbr\bin\java.dll
Event: 0.026 Loaded shared library C:\Program Files\Android\Android Studio\jbr\bin\zip.dll
Event: 2.026 Loaded shared library C:\Program Files\Android\Android Studio\jbr\bin\verify.dll

Deoptimization events (20 events):
Event: 22.929 Thread 0x000001c715445e50 DEOPT PACKING pc=0x000001c700e1e0a3 sp=0x0000003e01df43b0
Event: 22.929 Thread 0x000001c715445e50 DEOPT UNPACKING pc=0x000001c707584b42 sp=0x0000003e01df3920 mode 0
Event: 22.929 Thread 0x000001c715445e50 DEOPT PACKING pc=0x000001c700e1e0a3 sp=0x0000003e01df43b0
Event: 22.929 Thread 0x000001c715445e50 DEOPT UNPACKING pc=0x000001c707584b42 sp=0x0000003e01df3920 mode 0
Event: 22.929 Thread 0x000001c715445e50 DEOPT PACKING pc=0x000001c700e1e0a3 sp=0x0000003e01df43b0
Event: 22.929 Thread 0x000001c715445e50 DEOPT UNPACKING pc=0x000001c707584b42 sp=0x0000003e01df3920 mode 0
Event: 22.929 Thread 0x000001c715445e50 DEOPT PACKING pc=0x000001c700e1e0a3 sp=0x0000003e01df43b0
Event: 22.929 Thread 0x000001c715445e50 DEOPT UNPACKING pc=0x000001c707584b42 sp=0x0000003e01df3920 mode 0
Event: 22.930 Thread 0x000001c715445e50 DEOPT PACKING pc=0x000001c700e1e0a3 sp=0x0000003e01df43b0
Event: 22.930 Thread 0x000001c715445e50 DEOPT UNPACKING pc=0x000001c707584b42 sp=0x0000003e01df3920 mode 0
Event: 22.933 Thread 0x000001c715445e50 Uncommon trap: trap_request=0xffffff45 fr.pc=0x000001c707c24a30 relative=0x0000000000000a30
Event: 22.933 Thread 0x000001c715445e50 Uncommon trap: reason=unstable_if action=reinterpret pc=0x000001c707c24a30 method=org.jetbrains.kotlin.cli.jvm.compiler.jarfs.FastJarVirtualFile.<init>(Lorg/jetbrains/kotlin/cli/jvm/compiler/jarfs/FastJarHandler;Ljava/lang/CharSequence;JLorg/jetbrains/kot
Event: 22.933 Thread 0x000001c715445e50 DEOPT PACKING pc=0x000001c707c24a30 sp=0x0000003e01df47e0
Event: 22.933 Thread 0x000001c715445e50 DEOPT UNPACKING pc=0x000001c7075843a2 sp=0x0000003e01df4780 mode 2
Event: 22.946 Thread 0x000001c715445e50 DEOPT PACKING pc=0x000001c700e1e0a3 sp=0x0000003e01df43b0
Event: 22.946 Thread 0x000001c715445e50 DEOPT UNPACKING pc=0x000001c707584b42 sp=0x0000003e01df3920 mode 0
Event: 22.952 Thread 0x000001c715445e50 DEOPT PACKING pc=0x000001c700e1e0a3 sp=0x0000003e01df43b0
Event: 22.952 Thread 0x000001c715445e50 DEOPT UNPACKING pc=0x000001c707584b42 sp=0x0000003e01df3920 mode 0
Event: 22.953 Thread 0x000001c715445e50 DEOPT PACKING pc=0x000001c7008beae6 sp=0x0000003e01df4960
Event: 22.953 Thread 0x000001c715445e50 DEOPT UNPACKING pc=0x000001c707584b42 sp=0x0000003e01df3ea8 mode 0

Classes loaded (20 events):
Event: 22.479 Loading class java/nio/channels/NonWritableChannelException
Event: 22.479 Loading class java/nio/channels/NonWritableChannelException done
Event: 22.587 Loading class java/nio/charset/IllegalCharsetNameException
Event: 22.587 Loading class java/nio/charset/IllegalCharsetNameException done
Event: 22.587 Loading class java/nio/charset/UnsupportedCharsetException
Event: 22.588 Loading class java/nio/charset/UnsupportedCharsetException done
Event: 22.588 Loading class sun/nio/cs/UTF_32BE
Event: 22.588 Loading class sun/nio/cs/UTF_32BE done
Event: 22.588 Loading class sun/nio/cs/UTF_32LE
Event: 22.588 Loading class sun/nio/cs/UTF_32LE done
Event: 22.588 Loading class sun/nio/cs/MS1251
Event: 22.588 Loading class sun/nio/cs/MS1251 done
Event: 22.783 Loading class java/beans/PropertyChangeSupport
Event: 22.783 Loading class java/beans/PropertyChangeSupport done
Event: 22.783 Loading class java/beans/PropertyChangeSupport$PropertyChangeListenerMap
Event: 22.784 Loading class java/beans/ChangeListenerMap
Event: 22.784 Loading class java/beans/ChangeListenerMap done
Event: 22.784 Loading class java/beans/PropertyChangeSupport$PropertyChangeListenerMap done
Event: 22.784 Loading class java/beans/PropertyChangeListener
Event: 22.784 Loading class java/beans/PropertyChangeListener done

Classes unloaded (0 events):
No events

Classes redefined (0 events):
No events

Internal exceptions (20 events):
Event: 21.547 Thread 0x000001c715445e50 Exception <a 'java/lang/NoSuchMethodError'{0x0000000086044470}: 'long java.lang.invoke.DirectMethodHandle$Holder.invokeStatic(java.lang.Object)'> (0x0000000086044470) 
thrown [s\src\hotspot\share\interpreter\linkResolver.cpp, line 784]
Event: 21.547 Thread 0x000001c715445e50 Exception <a 'java/lang/NoSuchMethodError'{0x0000000086048fb0}: 'long java.lang.invoke.DirectMethodHandle$Holder.invokeStaticInit(java.lang.Object)'> (0x0000000086048fb0) 
thrown [s\src\hotspot\share\interpreter\linkResolver.cpp, line 784]
Event: 21.679 Thread 0x000001c715445e50 Exception <a 'java/lang/NoSuchMethodError'{0x0000000085c4fff8}: 'void java.lang.invoke.DirectMethodHandle$Holder.invokeStaticInit(java.lang.Object)'> (0x0000000085c4fff8) 
thrown [s\src\hotspot\share\interpreter\linkResolver.cpp, line 784]
Event: 21.711 Thread 0x000001c715445e50 Exception <a 'java/lang/NoSuchMethodError'{0x0000000085b2cfc0}: 'void java.lang.invoke.DelegatingMethodHandle$Holder.reinvoke_L(java.lang.Object, java.lang.Object, java.lang.Object, long, java.lang.Object)'> (0x0000000085b2cfc0) 
thrown [s\src\hotspot\share\interpreter\linkResolver.cpp, line 784]
Event: 21.712 Thread 0x000001c715445e50 Exception <a 'java/lang/NoSuchMethodError'{0x0000000085b35150}: 'java.lang.Object java.lang.invoke.DirectMethodHandle$Holder.invokeSpecial(java.lang.Object, java.lang.Object, java.lang.Object, java.lang.Object, long)'> (0x0000000085b35150) 
thrown [s\src\hotspot\share\interpreter\linkResolver.cpp, line 784]
Event: 21.713 Thread 0x000001c715445e50 Exception <a 'java/lang/NoSuchMethodError'{0x0000000085b44cd0}: 'int java.lang.invoke.DelegatingMethodHandle$Holder.reinvoke_L(java.lang.Object, java.lang.Object, java.lang.Object, long, java.lang.Object, java.lang.Object)'> (0x0000000085b44cd0) 
thrown [s\src\hotspot\share\interpreter\linkResolver.cpp, line 784]
Event: 21.713 Thread 0x000001c715445e50 Exception <a 'java/lang/NoSuchMethodError'{0x0000000085b543f8}: 'int java.lang.invoke.DelegatingMethodHandle$Holder.reinvoke_L(java.lang.Object, java.lang.Object, java.lang.Object, long, int, int)'> (0x0000000085b543f8) 
thrown [s\src\hotspot\share\interpreter\linkResolver.cpp, line 784]
Event: 21.714 Thread 0x000001c715445e50 Exception <a 'java/lang/NoSuchMethodError'{0x0000000085b63638}: 'int java.lang.invoke.DelegatingMethodHandle$Holder.reinvoke_L(java.lang.Object, java.lang.Object, java.lang.Object, long, long, long)'> (0x0000000085b63638) 
thrown [s\src\hotspot\share\interpreter\linkResolver.cpp, line 784]
Event: 21.714 Thread 0x000001c715445e50 Exception <a 'java/lang/NoSuchMethodError'{0x0000000085b72520}: 'int java.lang.invoke.DelegatingMethodHandle$Holder.reinvoke_L(java.lang.Object, java.lang.Object, java.lang.Object, long, int)'> (0x0000000085b72520) 
thrown [s\src\hotspot\share\interpreter\linkResolver.cpp, line 784]
Event: 21.715 Thread 0x000001c715445e50 Exception <a 'java/lang/NoSuchMethodError'{0x0000000085b85440}: 'void java.lang.invoke.DelegatingMethodHandle$Holder.reinvoke_L(java.lang.Object, java.lang.Object, java.lang.Object, long, java.lang.Object, long, long)'> (0x0000000085b85440) 
thrown [s\src\hotspot\share\interpreter\linkResolver.cpp, line 784]
Event: 22.407 Thread 0x000001c715445e50 Exception <a 'java/lang/NoSuchMethodError'{0x0000000087807030}: 'java.lang.Object java.lang.invoke.DirectMethodHandle$Holder.invokeStatic(java.lang.Object, java.lang.Object, java.lang.Object, java.lang.Object, int, java.lang.Object)'> (0x0000000087807030) 
thrown [s\src\hotspot\share\interpreter\linkResolver.cpp, line 784]
Event: 22.444 Thread 0x000001c715445e50 Exception <a 'java/lang/NoSuchMethodError'{0x000000008777a050}: 'long java.lang.invoke.DirectMethodHandle$Holder.invokeStatic(java.lang.Object, java.lang.Object, int)'> (0x000000008777a050) 
thrown [s\src\hotspot\share\interpreter\linkResolver.cpp, line 784]
Event: 22.445 Thread 0x000001c715445e50 Exception <a 'java/lang/NoSuchMethodError'{0x0000000087786788}: 'java.lang.Object java.lang.invoke.DelegatingMethodHandle$Holder.reinvoke_L(java.lang.Object, int, long, java.lang.Object, java.lang.Object, int, java.lang.Object)'> (0x0000000087786788) 
thrown [s\src\hotspot\share\interpreter\linkResolver.cpp, line 784]
Event: 22.711 Thread 0x000001c715445e50 Exception <a 'java/lang/NoSuchMethodError'{0x00000000866d2fa0}: 'java.lang.Object java.lang.invoke.Invokers$Holder.invokeExact_MT(java.lang.Object, java.lang.Object, long, java.lang.Object)'> (0x00000000866d2fa0) 
thrown [s\src\hotspot\share\interpreter\linkResolver.cpp, line 784]
Event: 22.795 Thread 0x000001c715445e50 Exception <a 'java/lang/NoSuchMethodError'{0x0000000085f07e30}: 'java.lang.Object java.lang.invoke.DirectMethodHandle$Holder.invokeStatic(java.lang.Object, java.lang.Object, long, long)'> (0x0000000085f07e30) 
thrown [s\src\hotspot\share\interpreter\linkResolver.cpp, line 784]
Event: 22.802 Thread 0x000001c715445e50 Exception <a 'java/lang/NoSuchMethodError'{0x0000000085f532f0}: 'java.lang.Object java.lang.invoke.DirectMethodHandle$Holder.invokeStatic(java.lang.Object, java.lang.Object, java.lang.Object, long, java.lang.Object)'> (0x0000000085f532f0) 
thrown [s\src\hotspot\share\interpreter\linkResolver.cpp, line 784]
Event: 22.803 Thread 0x000001c715445e50 Exception <a 'java/lang/NoSuchMethodError'{0x0000000085f5b888}: 'java.lang.Object java.lang.invoke.DirectMethodHandle$Holder.newInvokeSpecial(java.lang.Object, java.lang.Object, java.lang.Object, long)'> (0x0000000085f5b888) 
thrown [s\src\hotspot\share\interpreter\linkResolver.cpp, line 784]
Event: 22.803 Thread 0x000001c715445e50 Exception <a 'java/lang/NoSuchMethodError'{0x0000000085f60b08}: 'java.lang.Object java.lang.invoke.Invokers$Holder.linkToTargetMethod(java.lang.Object, java.lang.Object, long, java.lang.Object)'> (0x0000000085f60b08) 
thrown [s\src\hotspot\share\interpreter\linkResolver.cpp, line 784]
Event: 22.917 Thread 0x000001c715445e50 Implicit null exception at 0x000001c707c04267 to 0x000001c707c04670
Event: 22.933 Thread 0x000001c715445e50 Implicit null exception at 0x000001c707c242d2 to 0x000001c707c24a20

ZGC Phase Switch (0 events):
No events

VM Operations (20 events):
Event: 22.424 Executing non-safepoint VM operation: HandshakeAllThreads (Deoptimize) done
Event: 22.434 Executing non-safepoint VM operation: HandshakeAllThreads (Deoptimize)
Event: 22.434 Executing non-safepoint VM operation: HandshakeAllThreads (Deoptimize) done
Event: 22.436 Executing non-safepoint VM operation: HandshakeAllThreads (Deoptimize)
Event: 22.436 Executing non-safepoint VM operation: HandshakeAllThreads (Deoptimize) done
Event: 22.451 Executing non-safepoint VM operation: HandshakeAllThreads (Deoptimize)
Event: 22.451 Executing non-safepoint VM operation: HandshakeAllThreads (Deoptimize) done
Event: 22.468 Executing non-safepoint VM operation: HandshakeAllThreads (Deoptimize)
Event: 22.468 Executing non-safepoint VM operation: HandshakeAllThreads (Deoptimize) done
Event: 22.479 Executing non-safepoint VM operation: HandshakeAllThreads (Deoptimize)
Event: 22.479 Executing non-safepoint VM operation: HandshakeAllThreads (Deoptimize) done
Event: 22.531 Executing non-safepoint VM operation: HandshakeAllThreads (Deoptimize)
Event: 22.531 Executing non-safepoint VM operation: HandshakeAllThreads (Deoptimize) done
Event: 22.649 Executing non-safepoint VM operation: HandshakeAllThreads (Deoptimize)
Event: 22.650 Executing non-safepoint VM operation: HandshakeAllThreads (Deoptimize) done
Event: 22.779 Executing non-safepoint VM operation: HandshakeAllThreads (Deoptimize)
Event: 22.779 Executing non-safepoint VM operation: HandshakeAllThreads (Deoptimize) done
Event: 22.875 Executing non-safepoint VM operation: HandshakeAllThreads (Deoptimize)
Event: 22.875 Executing non-safepoint VM operation: HandshakeAllThreads (Deoptimize) done
Event: 22.964 Executing safepoint VM operation: G1CollectForAllocation (G1 Evacuation Pause)

Memory protections (0 events):
No events

Nmethod flushes (20 events):
Event: 20.813 Thread 0x000001c77aec61e0 flushing  nmethod 0x000001c70094c710
Event: 20.813 Thread 0x000001c77aec61e0 flushing  nmethod 0x000001c700a76a90
Event: 20.813 Thread 0x000001c77aec61e0 flushing  nmethod 0x000001c700a78410
Event: 20.813 Thread 0x000001c77aec61e0 flushing  nmethod 0x000001c700c14610
Event: 20.813 Thread 0x000001c77aec61e0 flushing  nmethod 0x000001c707ec5110
Event: 20.813 Thread 0x000001c77aec61e0 flushing  nmethod 0x000001c700157690
Event: 20.813 Thread 0x000001c77aec61e0 flushing  nmethod 0x000001c700505090
Event: 20.813 Thread 0x000001c77aec61e0 flushing  nmethod 0x000001c7005b5590
Event: 20.813 Thread 0x000001c77aec61e0 flushing  nmethod 0x000001c7006bfd90
Event: 20.813 Thread 0x000001c77aec61e0 flushing  nmethod 0x000001c7008d6a90
Event: 20.813 Thread 0x000001c77aec61e0 flushing  nmethod 0x000001c7008d8810
Event: 20.813 Thread 0x000001c77aec61e0 flushing  nmethod 0x000001c7008d9890
Event: 20.813 Thread 0x000001c77aec61e0 flushing  nmethod 0x000001c7008e1110
Event: 20.813 Thread 0x000001c77aec61e0 flushing  nmethod 0x000001c7008e1590
Event: 20.813 Thread 0x000001c77aec61e0 flushing  nmethod 0x000001c700917110
Event: 20.813 Thread 0x000001c77aec61e0 flushing  nmethod 0x000001c700919390
Event: 20.813 Thread 0x000001c77aec61e0 flushing  nmethod 0x000001c7009cb790
Event: 20.813 Thread 0x000001c77aec61e0 flushing  nmethod 0x000001c7009cc090
Event: 20.813 Thread 0x000001c77aec61e0 flushing  nmethod 0x000001c700a1f410
Event: 20.813 Thread 0x000001c77aec61e0 flushing  nmethod 0x000001c700d03c10

Events (20 events):
Event: 18.682 Thread 0x000001c715445e50 Thread added: 0x000001c71a3286a0
Event: 18.684 Thread 0x000001c715445e50 Thread added: 0x000001c71a328d30
Event: 18.687 Thread 0x000001c715445e50 Thread added: 0x000001c71a3258b0
Event: 18.908 Thread 0x000001c715445e50 Thread added: 0x000001c71a3293c0
Event: 18.908 Thread 0x000001c715445e50 Thread added: 0x000001c71a325f40
Event: 18.909 Thread 0x000001c715445e50 Thread added: 0x000001c71a32bb20
Event: 18.910 Thread 0x000001c715445e50 Thread added: 0x000001c71a329a50
Event: 18.911 Thread 0x000001c715445e50 Thread added: 0x000001c71a32a0e0
Event: 18.912 Thread 0x000001c715445e50 Thread added: 0x000001c71a32a770
Event: 18.912 Thread 0x000001c715445e50 Thread added: 0x000001c71a32b490
Event: 18.913 Thread 0x000001c715445e50 Thread added: 0x000001c71a32c1b0
Event: 18.914 Thread 0x000001c715445e50 Thread added: 0x000001c71a32ae00
Event: 18.915 Thread 0x000001c715445e50 Thread added: 0x000001c718042510
Event: 18.916 Thread 0x000001c715445e50 Thread added: 0x000001c718041160
Event: 20.427 Thread 0x000001c7155cc840 Thread exited: 0x000001c7155cc840
Event: 20.427 Thread 0x000001c7155cf120 Thread exited: 0x000001c7155cf120
Event: 22.497 Thread 0x000001c77af392a0 Thread added: 0x000001c7155cf120
Event: 22.658 Thread 0x000001c7155cf120 Thread exited: 0x000001c7155cf120
Event: 22.749 Thread 0x000001c77af392a0 Thread added: 0x000001c7155cc840
Event: 22.807 Thread 0x000001c77af392a0 Thread added: 0x000001c7155cea50


Dynamic libraries:
0x00007ff70c060000 - 0x00007ff70c06a000 	C:\Program Files\Android\Android Studio\jbr\bin\java.exe
0x00007ff892b20000 - 0x00007ff892d87000 	C:\WINDOWS\SYSTEM32\ntdll.dll
0x00007ff892410000 - 0x00007ff8924d9000 	C:\WINDOWS\System32\KERNEL32.DLL
0x00007ff8903f0000 - 0x00007ff8907e4000 	C:\WINDOWS\System32\KERNELBASE.dll
0x00007ff8902a0000 - 0x00007ff8903eb000 	C:\WINDOWS\System32\ucrtbase.dll
0x00007ff870310000 - 0x00007ff870328000 	C:\Program Files\Android\Android Studio\jbr\bin\jli.dll
0x00007ff88a630000 - 0x00007ff88a64b000 	C:\Program Files\Android\Android Studio\jbr\bin\VCRUNTIME140.dll
0x00007ff892240000 - 0x00007ff892405000 	C:\WINDOWS\System32\USER32.dll
0x00007ff86a2a0000 - 0x00007ff86a533000 	C:\WINDOWS\WinSxS\amd64_microsoft.windows.common-controls_6595b64144ccf1df_6.0.26100.8115_none_3e075c82e3354f9c\COMCTL32.dll
0x00007ff8901e0000 - 0x00007ff890207000 	C:\WINDOWS\System32\win32u.dll
0x00007ff891830000 - 0x00007ff8918d9000 	C:\WINDOWS\System32\msvcrt.dll
0x00007ff890f50000 - 0x00007ff890f7b000 	C:\WINDOWS\System32\GDI32.dll
0x00007ff88fe90000 - 0x00007ff88ffbb000 	C:\WINDOWS\System32\gdi32full.dll
0x00007ff88ffc0000 - 0x00007ff890063000 	C:\WINDOWS\System32\msvcp_win.dll
0x00007ff8918e0000 - 0x00007ff891912000 	C:\WINDOWS\System32\IMM32.DLL
0x00007ff88c540000 - 0x00007ff88c54c000 	C:\Program Files\Android\Android Studio\jbr\bin\vcruntime140_1.dll
0x00007ff86f940000 - 0x00007ff86f9cd000 	C:\Program Files\Android\Android Studio\jbr\bin\msvcp140.dll
0x00007ff80d020000 - 0x00007ff80dcb6000 	C:\Program Files\Android\Android Studio\jbr\bin\server\jvm.dll
0x00007ff892570000 - 0x00007ff892626000 	C:\WINDOWS\System32\ADVAPI32.dll
0x00007ff8927c0000 - 0x00007ff892867000 	C:\WINDOWS\System32\sechost.dll
0x00007ff8914b0000 - 0x00007ff8915c8000 	C:\WINDOWS\System32\RPCRT4.dll
0x00007ff8924e0000 - 0x00007ff892560000 	C:\WINDOWS\System32\WS2_32.dll
0x00007ff88f270000 - 0x00007ff88f2ce000 	C:\WINDOWS\SYSTEM32\POWRPROF.dll
0x00007ff87eec0000 - 0x00007ff87eecb000 	C:\WINDOWS\SYSTEM32\VERSION.dll
0x00007ff885330000 - 0x00007ff885366000 	C:\WINDOWS\SYSTEM32\WINMM.dll
0x00007ff88f250000 - 0x00007ff88f264000 	C:\WINDOWS\SYSTEM32\UMPDC.dll
0x00007ff88e140000 - 0x00007ff88e15b000 	C:\WINDOWS\SYSTEM32\kernel.appcore.dll
0x00007ff88c4d0000 - 0x00007ff88c4da000 	C:\Program Files\Android\Android Studio\jbr\bin\jimage.dll
0x00007ff88cc40000 - 0x00007ff88ce82000 	C:\WINDOWS\SYSTEM32\DBGHELP.DLL
0x00007ff890f80000 - 0x00007ff891302000 	C:\WINDOWS\System32\combase.dll
0x00007ff891310000 - 0x00007ff8913e8000 	C:\WINDOWS\System32\OLEAUT32.dll
0x00007ff86d420000 - 0x00007ff86d45b000 	C:\WINDOWS\SYSTEM32\dbgcore.DLL
0x00007ff88fc60000 - 0x00007ff88fd05000 	C:\WINDOWS\System32\bcryptPrimitives.dll
0x00007ff878e90000 - 0x00007ff878e9e000 	C:\Program Files\Android\Android Studio\jbr\bin\instrument.dll
0x00007ff87f490000 - 0x00007ff87f4b0000 	C:\Program Files\Android\Android Studio\jbr\bin\java.dll
0x00007ff878ea0000 - 0x00007ff878eb8000 	C:\Program Files\Android\Android Studio\jbr\bin\zip.dll
0x00007ff891930000 - 0x00007ff892097000 	C:\WINDOWS\System32\SHELL32.dll
0x00007ff890070000 - 0x00007ff8901da000 	C:\WINDOWS\System32\wintypes.dll
0x00007ff88f3f0000 - 0x00007ff88fc58000 	C:\WINDOWS\System32\windows.storage.dll
0x00007ff8908b0000 - 0x00007ff8909a8000 	C:\WINDOWS\System32\SHCORE.dll
0x00007ff892a10000 - 0x00007ff892a76000 	C:\WINDOWS\System32\shlwapi.dll
0x00007ff88f310000 - 0x00007ff88f339000 	C:\WINDOWS\SYSTEM32\profapi.dll
0x00007ff88a5d0000 - 0x00007ff88a5e0000 	C:\Program Files\Android\Android Studio\jbr\bin\net.dll
0x00007ff888870000 - 0x00007ff88899d000 	C:\WINDOWS\SYSTEM32\WINHTTP.dll
0x00007ff88e690000 - 0x00007ff88e6fc000 	C:\WINDOWS\system32\mswsock.dll
0x00007ff878930000 - 0x00007ff878946000 	C:\Program Files\Android\Android Studio\jbr\bin\nio.dll
0x00007ff879be0000 - 0x00007ff879bf0000 	C:\Program Files\Android\Android Studio\jbr\bin\verify.dll
0x00007ff870330000 - 0x00007ff870357000 	C:\Users\DELL\.gradle\native\660c5614fbf4a5f2a75b1949f50a0caf5cd603558e7d8a26e50b933a0cfb79d1\windows-amd64\native-platform.dll
0x00007ff86fda0000 - 0x00007ff86fe17000 	C:\Users\DELL\.gradle\native\0.2.8\x86_64-windows-gnu\gradle-fileevents.dll
0x00007ff87f7d0000 - 0x00007ff87f7d9000 	C:\Program Files\Android\Android Studio\jbr\bin\management.dll
0x00007ff87f450000 - 0x00007ff87f45b000 	C:\Program Files\Android\Android Studio\jbr\bin\management_ext.dll
0x00007ff891920000 - 0x00007ff891928000 	C:\WINDOWS\System32\PSAPI.DLL
0x00007ff88db20000 - 0x00007ff88db52000 	C:\WINDOWS\SYSTEM32\IPHLPAPI.DLL
0x00007ff8929f0000 - 0x00007ff8929fa000 	C:\WINDOWS\System32\NSI.dll
0x00007ff889400000 - 0x00007ff889409000 	C:\Program Files\Android\Android Studio\jbr\bin\extnet.dll
0x00007ff88ea90000 - 0x00007ff88eaab000 	C:\WINDOWS\SYSTEM32\CRYPTSP.dll
0x00007ff88e0a0000 - 0x00007ff88e0d9000 	C:\WINDOWS\system32\rsaenh.dll
0x00007ff88e740000 - 0x00007ff88e773000 	C:\WINDOWS\SYSTEM32\USERENV.dll
0x00007ff88f2e0000 - 0x00007ff88f30a000 	C:\WINDOWS\SYSTEM32\bcrypt.dll
0x00007ff88e8f0000 - 0x00007ff88e8fc000 	C:\WINDOWS\SYSTEM32\CRYPTBASE.dll
0x00007ff857190000 - 0x00007ff857198000 	C:\WINDOWS\system32\wshunix.dll

JVMTI agents:
C:\Users\DELL\.gradle\wrapper\dists\gradle-9.3.1-bin\23ovyewtku6u96viwx3xl3oks\gradle-9.3.1\lib\agents\gradle-instrumentation-agent-9.3.1.jar path:C:\Program Files\Android\Android Studio\jbr\bin\instrument.dll, loaded, initialized, instrumentlib options:none

dbghelp: loaded successfully - version: 4.0.5 - missing functions: none
symbol engine: initialized successfully - sym options: 0x614 - pdb path: .;C:\Program Files\Android\Android Studio\jbr\bin;C:\WINDOWS\SYSTEM32;C:\WINDOWS\WinSxS\amd64_microsoft.windows.common-controls_6595b64144ccf1df_6.0.26100.8115_none_3e075c82e3354f9c;C:\Program Files\Android\Android Studio\jbr\bin\server;C:\Users\DELL\.gradle\native\660c5614fbf4a5f2a75b1949f50a0caf5cd603558e7d8a26e50b933a0cfb79d1\windows-amd64;C:\Users\DELL\.gradle\native\0.2.8\x86_64-windows-gnu

VM Arguments:
jvm_args: --add-opens=java.base/java.lang=ALL-UNNAMED --add-opens=java.base/java.lang.invoke=ALL-UNNAMED --add-opens=java.base/java.util=ALL-UNNAMED --add-opens=java.prefs/java.util.prefs=ALL-UNNAMED --add-exports=jdk.compiler/com.sun.tools.javac.api=ALL-UNNAMED --add-exports=jdk.compiler/com.sun.tools.javac.util=ALL-UNNAMED --add-opens=java.base/java.util=ALL-UNNAMED --add-opens=java.prefs/java.util.prefs=ALL-UNNAMED --add-opens=java.base/java.nio.charset=ALL-UNNAMED --add-opens=java.base/java.net=ALL-UNNAMED --add-opens=java.base/java.util.concurrent=ALL-UNNAMED --add-opens=java.base/java.util.concurrent.atomic=ALL-UNNAMED --add-opens=java.xml/javax.xml.namespace=ALL-UNNAMED --add-opens=java.base/java.time=ALL-UNNAMED -Xmx2048m -Dfile.encoding=UTF-8 -Duser.country=US -Duser.language=en -Duser.variant -javaagent:C:\Users\DELL\.gradle\wrapper\dists\gradle-9.3.1-bin\23ovyewtku6u96viwx3xl3oks\gradle-9.3.1\lib\agents\gradle-instrumentation-agent-9.3.1.jar 
java_command: org.gradle.launcher.daemon.bootstrap.GradleDaemon 9.3.1
java_class_path (initial): C:\Users\DELL\.gradle\wrapper\dists\gradle-9.3.1-bin\23ovyewtku6u96viwx3xl3oks\gradle-9.3.1\lib\gradle-daemon-main-9.3.1.jar
Launcher Type: SUN_STANDARD

[Global flags]
     intx CICompilerCount                          = 4                                         {product} {ergonomic}
     uint ConcGCThreads                            = 3                                         {product} {ergonomic}
     uint G1ConcRefinementThreads                  = 10                                        {product} {ergonomic}
   size_t G1HeapRegionSize                         = 1048576                                   {product} {ergonomic}
    uintx GCDrainStackTargetSize                   = 64                                        {product} {ergonomic}
   size_t InitialHeapSize                          = 264241152                                 {product} {ergonomic}
   size_t MarkStackSize                            = 4194304                                   {product} {ergonomic}
   size_t MaxHeapSize                              = 2147483648                                {product} {command line}
   size_t MaxNewSize                               = 1287651328                                {product} {ergonomic}
   size_t MinHeapDeltaBytes                        = 1048576                                   {product} {ergonomic}
   size_t MinHeapSize                              = 8388608                                   {product} {ergonomic}
    uintx NonNMethodCodeHeapSize                   = 5839372                                {pd product} {ergonomic}
    uintx NonProfiledCodeHeapSize                  = 122909434                              {pd product} {ergonomic}
     bool PerfDisableSharedMem                     = true                                      {product} {ergonomic}
    uintx ProfiledCodeHeapSize                     = 122909434                              {pd product} {ergonomic}
    uintx ReservedCodeCacheSize                    = 251658240                              {pd product} {ergonomic}
     bool SegmentedCodeCache                       = true                                      {product} {ergonomic}
   size_t SoftMaxHeapSize                          = 2147483648                             {manageable} {ergonomic}
     bool UseCompressedOops                        = true                           {product lp64_product} {ergonomic}
     bool UseG1GC                                  = true                                      {product} {ergonomic}
     bool UseLargePagesIndividualAllocation        = false                                  {pd product} {ergonomic}

Logging:
Log output configuration:
 #0: stdout all=warning uptime,level,tags foldmultilines=false
 #1: stderr all=off uptime,level,tags foldmultilines=false

Release file:
JAVA_VERSION="21.0.10" 
MODULES="java.base java.compiler java.datatransfer java.xml java.prefs java.desktop java.instrument java.logging java.management java.security.sasl java.naming java.rmi java.management.rmi java.net.http java.scripting java.security.jgss java.transaction.xa java.sql java.sql.rowset java.xml.crypto java.se java.smartcardio jdk.accessibility jdk.internal.jvmstat jdk.attach jdk.charsets jdk.internal.opt jdk.zipfs jdk.compiler jdk.crypto.ec jdk.crypto.cryptoki jdk.dynalink jdk.hotspot.agent jdk.httpserver jdk.internal.ed jdk.internal.le jdk.internal.vm.ci jdk.jartool jdk.javadoc jdk.jcmd jdk.jdeps jdk.jdwp.agent jdk.jdi jdk.jfr jdk.jlink jdk.jsobject jdk.localedata jdk.management jdk.management.agent jdk.management.jfr jdk.naming.dns jdk.naming.rmi jdk.net jdk.sctp jdk.security.auth jdk.security.jgss jdk.unsupported jdk.unsupported.desktop jdk.xml.dom" 
IMPLEMENTOR="JetBrains s.r.o." 
JAVA_RUNTIME_VERSION="21.0.10+-14961533-b1163.108" 
LIBC="default" 
OS_ARCH="x86_64" 
OS_NAME="Windows" 
SOURCE=".:git:1351622c2ff2" 

Environment Variables:
JAVA_HOME=C:\Program Files\Java\jdk-24
PATH=C:\Program Files\Common Files\Oracle\Java\javapath;C:\Program Files (x86)\Common Files\Oracle\Java\java8path;C:\Program Files (x86)\Common Files\Oracle\Java\javapath;C:\WINDOWS\system32;C:\WINDOWS;C:\WINDOWS\System32\Wbem;C:\WINDOWS\System32\WindowsPowerShell\v1.0\;C:\WINDOWS\System32\OpenSSH\;C:\MinGW\bin;C:\Program Files\Git\cmd;C:\Program Files\Java\jdk-24\bin;%NVM_HOME%;%NVM_SYMLINK%;C:\Users\DELL\AppData\Local\Programs\Python\Python313\Scripts\;C:\Users\DELL\AppData\Local\Programs\Python\Python313\;C:\Users\DELL\AppData\Local\Microsoft\WindowsApps;C:\Users\DELL\AppData\Local\Programs\Microsoft VS Code\bin;C:\Users\DELL\AppData\Local\GitHubDesktop\bin;C:\Users\DELL\AppData\Roaming\npm;C:\Users\DELL\AppData\Local\nvm;C:\nvm4w\nodejs
USERNAME=DELL
OS=Windows_NT
PROCESSOR_IDENTIFIER=Intel64 Family 6 Model 154 Stepping 4, GenuineIntel
TMP=C:\Users\DELL\AppData\Local\Temp
TEMP=C:\Users\DELL\AppData\Local\Temp




Periodic native trim disabled

JNI global refs:
JNI global refs: 28, weak refs: 0

JNI global refs memory usage: 835, weak refs: 833

Process memory usage:
Resident Set Size: 393560K (2% of 16454352K total physical memory with 2360384K free physical memory)

OOME stack traces (most recent first):
Classloader memory used:
Loader org.gradle.internal.classloader.VisitableURLClassLoader                         : 52935K
Loader bootstrap                                                                       : 23094K
Loader org.gradle.initialization.MixInLegacyTypesClassLoader                           : 11195K
Loader jdk.internal.jrtfs.JrtFileSystemProvider$JrtFsLoader                            : 298K
Loader jdk.internal.loader.ClassLoaders$AppClassLoader                                 : 229K
Loader jdk.internal.loader.ClassLoaders$PlatformClassLoader                            : 197K
Loader jdk.internal.reflect.DelegatingClassLoader                                      : 151K
Loader org.gradle.internal.classloader.VisitableURLClassLoader                         : 148K
Loader org.gradle.groovy.scripts.internal.DefaultScriptCompilationHandler$ScriptClassLoader: 119K
Loader org.gradle.internal.classloader.VisitableURLClassLoader$InstrumentingVisitableURLClassLoader: 90064B

Classes loaded by more than one classloader:
Class Program                                                                         : loaded 3 times (x 72B)
Class jdk.internal.jimage.BasicImageReader                                            : loaded 2 times (x 95B)
Class org.gradle.internal.classloader.ClassLoaderHierarchy                            : loaded 2 times (x 70B)
Class ijJvmDebugger1_858lgih2bb2q0e27cpsinjh49$_run_closure1                          : loaded 2 times (x 139B)
Class org.gradle.api.internal.classpath.ManifestUtil                                  : loaded 2 times (x 71B)
Class jdk.internal.jimage.decompressor.StringSharingDecompressorFactory               : loaded 2 times (x 74B)
Class org.gradle.internal.classloader.DefaultClassLoaderFactory                       : loaded 2 times (x 82B)
Class org.gradle.internal.classloader.ClassLoaderVisitor                              : loaded 2 times (x 76B)
Class org.gradle.api.internal.classpath.EffectiveClassPath                            : loaded 2 times (x 90B)
Class org.gradle.api.internal.DefaultClassPathProvider                                : loaded 2 times (x 76B)
Class [Lorg.gradle.api.internal.ClassPathProvider;                                    : loaded 2 times (x 69B)
Class org.gradle.api.internal.ClassPathProvider                                       : loaded 2 times (x 70B)
Class org.gradle.internal.service.UnknownServiceException                             : loaded 2 times (x 83B)
Class org.gradle.internal.classpath.TransformedClassPath                              : loaded 2 times (x 96B)
Class org.gradle.internal.classloader.InstrumentingClassLoader                        : loaded 2 times (x 70B)
Class org.gradle.internal.service.ServiceLocator                                      : loaded 2 times (x 70B)
Class jdk.internal.jrtfs.JrtFileSystemProvider                                        : loaded 2 times (x 101B)
Class ijJvmDebugger1_858lgih2bb2q0e27cpsinjh49$_run_closure1$_closure2                : loaded 2 times (x 140B)
Class jdk.internal.jimage.ImageLocation                                               : loaded 2 times (x 90B)
Class jdk.internal.jimage.ImageBufferCache$1                                          : loaded 2 times (x 83B)
Class org.gradle.internal.classloader.ClasspathUtil$1                                 : loaded 2 times (x 76B)
Class jdk.internal.jimage.ImageBufferCache$2                                          : loaded 2 times (x 91B)
Class org.gradle.api.internal.classpath.DefaultModuleRegistry$DefaultModule           : loaded 2 times (x 86B)
Class org.gradle.api.internal.classpath.Module                                        : loaded 2 times (x 70B)
Class org.gradle.api.internal.classpath.UnknownModuleException                        : loaded 2 times (x 82B)
Class jdk.internal.jimage.ImageHeader                                                 : loaded 2 times (x 71B)
Class org.gradle.api.internal.DefaultClassPathRegistry                                : loaded 2 times (x 76B)
Class org.gradle.api.internal.ClassPathRegistry                                       : loaded 2 times (x 70B)
Class org.gradle.internal.classpath.DefaultClassPath$ImmutableUniqueList              : loaded 2 times (x 199B)
Class jdk.internal.jimage.decompressor.ResourceDecompressor                           : loaded 2 times (x 70B)
Class org.gradle.internal.classloader.FilteringClassLoader                            : loaded 2 times (x 105B)
Class Settings_gradle$1                                                               : loaded 2 times (x 74B)
Class org.gradle.internal.classpath.ClassPath                                         : loaded 2 times (x 70B)
Class jdk.internal.jimage.ImageStringsReader                                          : loaded 2 times (x 80B)
Class jdk.internal.jimage.ImageReader                                                 : loaded 2 times (x 75B)
Class jdk.internal.jimage.ImageReader$SharedImageReader                               : loaded 2 times (x 95B)
Class org.gradle.api.internal.classpath.ModuleRegistry                                : loaded 2 times (x 70B)
Class org.gradle.internal.installation.GradleInstallation$1                           : loaded 2 times (x 75B)
Class jdk.internal.jimage.decompressor.ResourceDecompressorFactory                    : loaded 2 times (x 74B)
Class ijKotlinCoroutineJvmDebugInit1_7ur5bwen8i9sx3ssfdbh6sgvx$_run_closure1$_closure2: loaded 2 times (x 139B)
Class jdk.internal.jimage.ImageReader$Node                                            : loaded 2 times (x 84B)
Class org.gradle.api.internal.classpath.DefaultModuleRegistry                         : loaded 2 times (x 86B)
Class jdk.internal.jimage.BasicImageReader$1                                          : loaded 2 times (x 77B)
Class jdk.internal.jimage.decompressor.Decompressor                                   : loaded 2 times (x 72B)
Class org.gradle.internal.service.ServiceLookupException                              : loaded 2 times (x 82B)
Class org.gradle.internal.classloader.ClassLoaderFactory                              : loaded 2 times (x 70B)
Class org.gradle.internal.service.CachingServiceLocator                               : loaded 2 times (x 82B)
Class jdk.internal.jimage.ImageBufferCache                                            : loaded 2 times (x 71B)
Class jdk.internal.jrtfs.JrtPath                                                      : loaded 2 times (x 118B)
Class org.gradle.internal.classloader.ClasspathUtil                                   : loaded 2 times (x 71B)
Class org.gradle.api.specs.Spec                                                       : loaded 2 times (x 70B)
Class jdk.internal.jimage.decompressor.ResourceDecompressorRepository                 : loaded 2 times (x 71B)
Class jdk.internal.jimage.ImageReader$Directory                                       : loaded 2 times (x 84B)
Class org.gradle.internal.classloader.VisitableURLClassLoader$InstrumentingVisitableURLClassLoader: loaded 2 times (x 123B)
Class org.gradle.internal.classloader.VisitableURLClassLoader$Spec                    : loaded 2 times (x 74B)
Class org.gradle.internal.classpath.DefaultClassPath                                  : loaded 2 times (x 90B)
Class jdk.internal.jimage.decompressor.ZipDecompressorFactory                         : loaded 2 times (x 74B)
Class ijKotlinCoroutineJvmDebugInit1_7ur5bwen8i9sx3ssfdbh6sgvx$_run_closure1          : loaded 2 times (x 139B)
Class org.gradle.internal.classloader.ClassLoaderSpec                                 : loaded 2 times (x 71B)
Class Settings_gradle$1$1                                                             : loaded 2 times (x 74B)
Class ijKotlinCoroutineJvmDebugInit1_7ur5bwen8i9sx3ssfdbh6sgvx                        : loaded 2 times (x 171B)
Class org.gradle.internal.classloader.VisitableURLClassLoader                         : loaded 2 times (x 117B)
Class Settings_gradle                                                                 : loaded 2 times (x 124B)
Class org.gradle.internal.Cast                                                        : loaded 2 times (x 71B)
Class org.gradle.api.Action                                                           : loaded 2 times (x 70B)
Class jdk.internal.jimage.decompressor.ZipDecompressor                                : loaded 2 times (x 75B)
Class org.gradle.internal.classpath.DefaultClassPath$ImmutableUniqueList$Builder      : loaded 2 times (x 75B)
Class org.gradle.api.GradleException                                                  : loaded 2 times (x 82B)
Class jdk.internal.jimage.ImageStrings                                                : loaded 2 times (x 70B)
Class org.gradle.internal.IoActions                                                   : loaded 2 times (x 71B)
Class org.gradle.internal.classloader.SystemClassLoaderSpec                           : loaded 2 times (x 71B)
Class jdk.internal.jrtfs.JrtFileSystem                                                : loaded 2 times (x 102B)
Class jdk.internal.jimage.decompressor.CompressedResourceHeader                       : loaded 2 times (x 71B)
Class org.gradle.api.internal.classpath.GlobalCacheRootsProvider                      : loaded 2 times (x 70B)
Class org.gradle.internal.installation.CurrentGradleInstallationLocator               : loaded 2 times (x 71B)
Class ijJvmDebugger1_858lgih2bb2q0e27cpsinjh49                                        : loaded 2 times (x 171B)
Class org.gradle.internal.service.DefaultServiceLocator                               : loaded 2 times (x 83B)
Class org.gradle.internal.installation.CurrentGradleInstallation                      : loaded 2 times (x 73B)
Class org.gradle.util.internal.GUtil                                                  : loaded 2 times (x 71B)
Class org.gradle.internal.installation.GradleInstallation                             : loaded 2 times (x 75B)
Class jdk.internal.jimage.decompressor.ResourceDecompressor$StringsProvider           : loaded 2 times (x 70B)

---------------  S Y S T E M  ---------------

OS:
 Windows 11 , 64 bit Build 26100 (10.0.26100.8246)
OS uptime: 3 days 0:04 hours
Hyper-V role detected

CPU: total 12 (initial active 12) (6 cores per cpu, 2 threads per core) family 6 model 154 stepping 4 microcode 0x437, cx8, cmov, fxsr, ht, mmx, 3dnowpref, sse, sse2, sse3, ssse3, sse4.1, sse4.2, popcnt, lzcnt, tsc, tscinvbit, avx, avx2, aes, erms, clmul, bmi1, bmi2, adx, sha, fma, vzeroupper, clflush, clflushopt, clwb, hv, serialize, rdtscp, rdpid, fsrm, f16c, cet_ibt, cet_ss
Processor Information for processor 0
  Max Mhz: 1800, Current Mhz: 1800, Mhz Limit: 1800
Processor Information for processor 1
  Max Mhz: 1800, Current Mhz: 1800, Mhz Limit: 1800
Processor Information for processor 2
  Max Mhz: 1800, Current Mhz: 1800, Mhz Limit: 1800
Processor Information for processor 3
  Max Mhz: 1800, Current Mhz: 1800, Mhz Limit: 1800
Processor Information for processor 4
  Max Mhz: 1800, Current Mhz: 1800, Mhz Limit: 1800
Processor Information for processor 5
  Max Mhz: 1800, Current Mhz: 1523, Mhz Limit: 1800
Processor Information for processor 6
  Max Mhz: 1800, Current Mhz: 1800, Mhz Limit: 1800
Processor Information for processor 7
  Max Mhz: 1800, Current Mhz: 1800, Mhz Limit: 1800
Processor Information for processor 8
  Max Mhz: 1800, Current Mhz: 1800, Mhz Limit: 1800
Processor Information for processor 9
  Max Mhz: 1800, Current Mhz: 1800, Mhz Limit: 1800
Processor Information for processor 10
  Max Mhz: 1800, Current Mhz: 1800, Mhz Limit: 1800
Processor Information for processor 11
  Max Mhz: 1800, Current Mhz: 1800, Mhz Limit: 1800

Memory: 4k page, system-wide physical 16068M (2438M free)
TotalPageFile size 20164M (AvailPageFile size 1415M)
current process WorkingSet (physical memory assigned to process): 384M, peak: 384M
current process commit charge ("private bytes"): 424M, peak: 426M

vm_info: OpenJDK 64-Bit Server VM (21.0.10+-14961533-b1163.108) for windows-amd64 JRE (21.0.10+-14961533-b1163.108), built on 2026-03-02T19:58:50Z by "builder" with MS VC++ 16.10 / 16.11 (VS2019)

END.
